<?xml version="1.0" encoding="UTF-8"?>
<testsuite xmlns:xsi="http://www.w3.org/2001/XMLSchema-instance" xsi:noNamespaceSchemaLocation="https://maven.apache.org/surefire/maven-surefire-plugin/xsd/surefire-test-report.xsd" version="3.0.2" name="org.example.controllers.PetControllerTest" time="3.652" tests="5" errors="0" skipped="0" failures="0">
  <properties>
[...]
</properties>
  <testcase name="givenValidPet_whenGetRequestIsMade_thenReturnSuccess" classname="org.example.controllers.PetControllerTest" time="0.074">
    <system-out><![CDATA[2024-12-12T14:36:52.730+01:00  INFO 40671 --- [ClinicaVeterinaria] [           main] t.c.s.AnnotationConfigContextLoaderUtils : Could not detect default configuration classes for test class [org.example.controllers.PetControllerTest]: PetControllerTest does not declare any static, non-private, non-final, nested classes annotated with @Configuration.
2024-12-12T14:36:52.733+01:00  INFO 40671 --- [ClinicaVeterinaria] [           main] .b.t.c.SpringBootTestContextBootstrapper : Found @SpringBootConfiguration org.example.ClinicaVeterinariaApplication for test class org.example.controllers.PetControllerTest
2024-12-12T14:36:52.741+01:00  INFO 40671 --- [ClinicaVeterinaria] [           main] o.s.b.d.r.RestartApplicationListener     : Restart disabled due to context in which it is running

  .   ____          _            __ _ _
 /\\ / ___'_ __ _ _(_)_ __  __ _ \ \ \ \
( ( )\___ | '_ | '_| | '_ \/ _` | \ \ \ \
 \\/  ___)| |_)| | | | | || (_| |  ) ) ) )
  '  |____| .__|_| |_|_| |_\__, | / / / /
 =========|_|==============|___/=/_/_/_/

 :: Spring Boot ::                (v3.4.0)

2024-12-12T14:36:52.776+01:00  INFO 40671 --- [ClinicaVeterinaria] [           main] o.example.controllers.PetControllerTest  : Starting PetControllerTest using Java 21.0.5 with PID 40671 (started by lay in /home/lay/Documentos/DesarrolloWeb/bootcamp/springboot/ClinicaVeterinaria)
2024-12-12T14:36:52.777+01:00  INFO 40671 --- [ClinicaVeterinaria] [           main] o.example.controllers.PetControllerTest  : The following 1 profile is active: "test"
2024-12-12T14:36:52.916+01:00  INFO 40671 --- [ClinicaVeterinaria] [           main] .s.d.r.c.RepositoryConfigurationDelegate : Bootstrapping Spring Data JPA repositories in DEFAULT mode.
2024-12-12T14:36:52.926+01:00  INFO 40671 --- [ClinicaVeterinaria] [           main] .s.d.r.c.RepositoryConfigurationDelegate : Finished Spring Data repository scanning in 8 ms. Found 3 JPA repository interfaces.
2024-12-12T14:36:53.012+01:00  INFO 40671 --- [ClinicaVeterinaria] [           main] com.zaxxer.hikari.HikariDataSource       : HikariPool-12 - Starting...
2024-12-12T14:36:53.015+01:00  INFO 40671 --- [ClinicaVeterinaria] [           main] com.zaxxer.hikari.pool.HikariPool        : HikariPool-12 - Added connection conn110: url=jdbc:h2:mem:list user=SA
2024-12-12T14:36:53.015+01:00  INFO 40671 --- [ClinicaVeterinaria] [           main] com.zaxxer.hikari.HikariDataSource       : HikariPool-12 - Start completed.
2024-12-12T14:36:53.021+01:00  INFO 40671 --- [ClinicaVeterinaria] [           main] o.hibernate.jpa.internal.util.LogHelper  : HHH000204: Processing PersistenceUnitInfo [name: default]
2024-12-12T14:36:53.023+01:00  INFO 40671 --- [ClinicaVeterinaria] [           main] o.h.c.internal.RegionFactoryInitiator    : HHH000026: Second-level cache disabled
2024-12-12T14:36:53.032+01:00  INFO 40671 --- [ClinicaVeterinaria] [           main] o.s.o.j.p.SpringPersistenceUnitInfo      : No LoadTimeWeaver setup: ignoring JPA class transformer
2024-12-12T14:36:53.035+01:00  INFO 40671 --- [ClinicaVeterinaria] [           main] org.hibernate.orm.connections.pooling    : HHH10001005: Database info:
	Database JDBC URL [Connecting through datasource 'HikariDataSource (HikariPool-12)']
	Database driver: undefined/unknown
	Database version: 2.3.232
	Autocommit mode: undefined/unknown
	Isolation level: undefined/unknown
	Minimum pool size: undefined/unknown
	Maximum pool size: undefined/unknown
2024-12-12T14:36:53.152+01:00  INFO 40671 --- [ClinicaVeterinaria] [           main] o.h.e.t.j.p.i.JtaPlatformInitiator       : HHH000489: No JTA platform available (set 'hibernate.transaction.jta.platform' to enable JTA platform integration)
Hibernate: 
    drop table if exists appointment cascade 
Hibernate: 
    drop table if exists guardian cascade 
Hibernate: 
    drop table if exists pet cascade 
Hibernate: 
    create table appointment (
        pet_id integer,
        id_appointment bigint generated by default as identity,
        date varchar(255),
        reason varchar(255),
        time varchar(255),
        primary key (id_appointment)
    )
Hibernate: 
    create table guardian (
        id_guardian integer generated by default as identity,
        address varchar(255),
        email varchar(255),
        name varchar(255),
        phone varchar(255),
        primary key (id_guardian)
    )
Hibernate: 
    create table pet (
        age integer,
        guardian_id integer,
        id_pet integer generated by default as identity,
        breed varchar(255),
        name varchar(255),
        specie varchar(255),
        primary key (id_pet)
    )
Hibernate: 
    alter table if exists appointment 
       add constraint FK8y0it8yrd322ps2jklm5f8e07 
       foreign key (pet_id) 
       references pet
Hibernate: 
    alter table if exists pet 
       add constraint FKa8815najxp50op149j4yg6hhd 
       foreign key (guardian_id) 
       references guardian
2024-12-12T14:36:53.162+01:00  INFO 40671 --- [ClinicaVeterinaria] [           main] j.LocalContainerEntityManagerFactoryBean : Initialized JPA EntityManagerFactory for persistence unit 'default'
2024-12-12T14:36:53.270+01:00  WARN 40671 --- [ClinicaVeterinaria] [           main] JpaBaseConfiguration$JpaWebConfiguration : spring.jpa.open-in-view is enabled by default. Therefore, database queries may be performed during view rendering. Explicitly configure spring.jpa.open-in-view to disable this warning
2024-12-12T14:36:53.364+01:00  INFO 40671 --- [ClinicaVeterinaria] [           main] o.s.b.a.h2.H2ConsoleAutoConfiguration    : H2 console available at '/h2-console'. Database available at 'jdbc:h2:mem:list'
2024-12-12T14:36:53.393+01:00  INFO 40671 --- [ClinicaVeterinaria] [           main] o.s.b.t.m.w.SpringBootMockServletContext : Initializing Spring TestDispatcherServlet ''
2024-12-12T14:36:53.393+01:00  INFO 40671 --- [ClinicaVeterinaria] [           main] o.s.t.web.servlet.TestDispatcherServlet  : Initializing Servlet ''
2024-12-12T14:36:53.395+01:00  INFO 40671 --- [ClinicaVeterinaria] [           main] o.s.t.web.servlet.TestDispatcherServlet  : Completed initialization in 2 ms
2024-12-12T14:36:53.405+01:00  INFO 40671 --- [ClinicaVeterinaria] [           main] o.example.controllers.PetControllerTest  : Started PetControllerTest in 0.664 seconds (process running for 22.187)
Hibernate: 
    insert 
    into
        guardian
        (address, email, name, phone, id_guardian) 
    values
        (?, ?, ?, ?, default)
Hibernate: 
    insert 
    into
        guardian
        (address, email, name, phone, id_guardian) 
    values
        (?, ?, ?, ?, default)
Hibernate: 
    insert 
    into
        pet
        (age, breed, guardian_id, name, specie, id_pet) 
    values
        (?, ?, ?, ?, ?, default)
Hibernate: 
    insert 
    into
        pet
        (age, breed, guardian_id, name, specie, id_pet) 
    values
        (?, ?, ?, ?, ?, default)
Hibernate: 
    select
        p1_0.id_pet,
        p1_0.age,
        p1_0.breed,
        p1_0.guardian_id,
        p1_0.name,
        p1_0.specie 
    from
        pet p1_0
Hibernate: 
    select
        g1_0.id_guardian,
        g1_0.address,
        g1_0.email,
        g1_0.name,
        g1_0.phone 
    from
        guardian g1_0 
    where
        g1_0.id_guardian=?
Hibernate: 
    select
        g1_0.id_guardian,
        g1_0.address,
        g1_0.email,
        g1_0.name,
        g1_0.phone 
    from
        guardian g1_0 
    where
        g1_0.id_guardian=?
Hibernate: 
    select
        a1_0.pet_id,
        a1_0.id_appointment,
        a1_0.date,
        a1_0.reason,
        a1_0.time 
    from
        appointment a1_0 
    where
        a1_0.pet_id=?
Hibernate: 
    select
        a1_0.pet_id,
        a1_0.id_appointment,
        a1_0.date,
        a1_0.reason,
        a1_0.time 
    from
        appointment a1_0 
    where
        a1_0.pet_id=?
2024-12-12T14:36:53.475+01:00  INFO 40671 --- [ClinicaVeterinaria] [           main] j.LocalContainerEntityManagerFactoryBean : Closing JPA EntityManagerFactory for persistence unit 'default'
Hibernate: 
    drop table if exists appointment cascade 
Hibernate: 
    drop table if exists guardian cascade 
Hibernate: 
    drop table if exists pet cascade 
2024-12-12T14:36:53.479+01:00  INFO 40671 --- [ClinicaVeterinaria] [           main] com.zaxxer.hikari.HikariDataSource       : HikariPool-12 - Shutdown initiated...
2024-12-12T14:36:53.482+01:00  INFO 40671 --- [ClinicaVeterinaria] [           main] com.zaxxer.hikari.HikariDataSource       : HikariPool-12 - Shutdown completed.
]]></system-out>
  </testcase>
  <testcase name="givenPatientById_whenDelete_theReturnSuccess" classname="org.example.controllers.PetControllerTest" time="0.042">
    <system-out><![CDATA[2024-12-12T14:36:53.491+01:00  INFO 40671 --- [ClinicaVeterinaria] [           main] o.s.b.d.r.RestartApplicationListener     : Restart disabled due to context in which it is running

  .   ____          _            __ _ _
 /\\ / ___'_ __ _ _(_)_ __  __ _ \ \ \ \
( ( )\___ | '_ | '_| | '_ \/ _` | \ \ \ \
 \\/  ___)| |_)| | | | | || (_| |  ) ) ) )
  '  |____| .__|_| |_|_| |_\__, | / / / /
 =========|_|==============|___/=/_/_/_/

 :: Spring Boot ::                (v3.4.0)

2024-12-12T14:36:53.517+01:00  INFO 40671 --- [ClinicaVeterinaria] [           main] o.example.controllers.PetControllerTest  : Starting PetControllerTest using Java 21.0.5 with PID 40671 (started by lay in /home/lay/Documentos/DesarrolloWeb/bootcamp/springboot/ClinicaVeterinaria)
2024-12-12T14:36:53.518+01:00  INFO 40671 --- [ClinicaVeterinaria] [           main] o.example.controllers.PetControllerTest  : The following 1 profile is active: "test"
2024-12-12T14:36:53.648+01:00  INFO 40671 --- [ClinicaVeterinaria] [           main] .s.d.r.c.RepositoryConfigurationDelegate : Bootstrapping Spring Data JPA repositories in DEFAULT mode.
2024-12-12T14:36:53.658+01:00  INFO 40671 --- [ClinicaVeterinaria] [           main] .s.d.r.c.RepositoryConfigurationDelegate : Finished Spring Data repository scanning in 8 ms. Found 3 JPA repository interfaces.
2024-12-12T14:36:53.742+01:00  INFO 40671 --- [ClinicaVeterinaria] [           main] com.zaxxer.hikari.HikariDataSource       : HikariPool-13 - Starting...
2024-12-12T14:36:53.746+01:00  INFO 40671 --- [ClinicaVeterinaria] [           main] com.zaxxer.hikari.pool.HikariPool        : HikariPool-13 - Added connection conn120: url=jdbc:h2:mem:list user=SA
2024-12-12T14:36:53.746+01:00  INFO 40671 --- [ClinicaVeterinaria] [           main] com.zaxxer.hikari.HikariDataSource       : HikariPool-13 - Start completed.
2024-12-12T14:36:53.753+01:00  INFO 40671 --- [ClinicaVeterinaria] [           main] o.hibernate.jpa.internal.util.LogHelper  : HHH000204: Processing PersistenceUnitInfo [name: default]
2024-12-12T14:36:53.755+01:00  INFO 40671 --- [ClinicaVeterinaria] [           main] o.h.c.internal.RegionFactoryInitiator    : HHH000026: Second-level cache disabled
2024-12-12T14:36:53.772+01:00  INFO 40671 --- [ClinicaVeterinaria] [           main] o.s.o.j.p.SpringPersistenceUnitInfo      : No LoadTimeWeaver setup: ignoring JPA class transformer
2024-12-12T14:36:53.774+01:00  INFO 40671 --- [ClinicaVeterinaria] [           main] org.hibernate.orm.connections.pooling    : HHH10001005: Database info:
	Database JDBC URL [Connecting through datasource 'HikariDataSource (HikariPool-13)']
	Database driver: undefined/unknown
	Database version: 2.3.232
	Autocommit mode: undefined/unknown
	Isolation level: undefined/unknown
	Minimum pool size: undefined/unknown
	Maximum pool size: undefined/unknown
2024-12-12T14:36:53.862+01:00  INFO 40671 --- [ClinicaVeterinaria] [           main] o.h.e.t.j.p.i.JtaPlatformInitiator       : HHH000489: No JTA platform available (set 'hibernate.transaction.jta.platform' to enable JTA platform integration)
Hibernate: 
    drop table if exists appointment cascade 
Hibernate: 
    drop table if exists guardian cascade 
Hibernate: 
    drop table if exists pet cascade 
Hibernate: 
    create table appointment (
        pet_id integer,
        id_appointment bigint generated by default as identity,
        date varchar(255),
        reason varchar(255),
        time varchar(255),
        primary key (id_appointment)
    )
Hibernate: 
    create table guardian (
        id_guardian integer generated by default as identity,
        address varchar(255),
        email varchar(255),
        name varchar(255),
        phone varchar(255),
        primary key (id_guardian)
    )
Hibernate: 
    create table pet (
        age integer,
        guardian_id integer,
        id_pet integer generated by default as identity,
        breed varchar(255),
        name varchar(255),
        specie varchar(255),
        primary key (id_pet)
    )
Hibernate: 
    alter table if exists appointment 
       add constraint FK8y0it8yrd322ps2jklm5f8e07 
       foreign key (pet_id) 
       references pet
Hibernate: 
    alter table if exists pet 
       add constraint FKa8815najxp50op149j4yg6hhd 
       foreign key (guardian_id) 
       references guardian
2024-12-12T14:36:53.875+01:00  INFO 40671 --- [ClinicaVeterinaria] [           main] j.LocalContainerEntityManagerFactoryBean : Initialized JPA EntityManagerFactory for persistence unit 'default'
2024-12-12T14:36:53.991+01:00  WARN 40671 --- [ClinicaVeterinaria] [           main] JpaBaseConfiguration$JpaWebConfiguration : spring.jpa.open-in-view is enabled by default. Therefore, database queries may be performed during view rendering. Explicitly configure spring.jpa.open-in-view to disable this warning
2024-12-12T14:36:54.093+01:00  INFO 40671 --- [ClinicaVeterinaria] [           main] o.s.b.a.h2.H2ConsoleAutoConfiguration    : H2 console available at '/h2-console'. Database available at 'jdbc:h2:mem:list'
2024-12-12T14:36:54.112+01:00  INFO 40671 --- [ClinicaVeterinaria] [           main] o.s.b.t.m.w.SpringBootMockServletContext : Initializing Spring TestDispatcherServlet ''
2024-12-12T14:36:54.113+01:00  INFO 40671 --- [ClinicaVeterinaria] [           main] o.s.t.web.servlet.TestDispatcherServlet  : Initializing Servlet ''
2024-12-12T14:36:54.113+01:00  INFO 40671 --- [ClinicaVeterinaria] [           main] o.s.t.web.servlet.TestDispatcherServlet  : Completed initialization in 0 ms
2024-12-12T14:36:54.126+01:00  INFO 40671 --- [ClinicaVeterinaria] [           main] o.example.controllers.PetControllerTest  : Started PetControllerTest in 0.635 seconds (process running for 22.907)
Hibernate: 
    insert 
    into
        guardian
        (address, email, name, phone, id_guardian) 
    values
        (?, ?, ?, ?, default)
Hibernate: 
    insert 
    into
        pet
        (age, breed, guardian_id, name, specie, id_pet) 
    values
        (?, ?, ?, ?, ?, default)
Hibernate: 
    select
        count(*) 
    from
        pet p1_0
Hibernate: 
    select
        p1_0.id_pet,
        p1_0.age,
        p1_0.breed,
        g1_0.id_guardian,
        g1_0.address,
        g1_0.email,
        g1_0.name,
        g1_0.phone,
        p1_0.name,
        p1_0.specie 
    from
        pet p1_0 
    left join
        guardian g1_0 
            on g1_0.id_guardian=p1_0.guardian_id 
    where
        p1_0.id_pet=?
Hibernate: 
    select
        a1_0.pet_id,
        a1_0.id_appointment,
        a1_0.date,
        a1_0.reason,
        a1_0.time 
    from
        appointment a1_0 
    where
        a1_0.pet_id=?
Hibernate: 
    delete 
    from
        pet 
    where
        id_pet=?
Hibernate: 
    select
        count(*) 
    from
        pet p1_0
2024-12-12T14:36:54.162+01:00  INFO 40671 --- [ClinicaVeterinaria] [           main] j.LocalContainerEntityManagerFactoryBean : Closing JPA EntityManagerFactory for persistence unit 'default'
Hibernate: 
    drop table if exists appointment cascade 
Hibernate: 
    drop table if exists guardian cascade 
Hibernate: 
    drop table if exists pet cascade 
2024-12-12T14:36:54.168+01:00  INFO 40671 --- [ClinicaVeterinaria] [           main] com.zaxxer.hikari.HikariDataSource       : HikariPool-13 - Shutdown initiated...
2024-12-12T14:36:54.170+01:00  INFO 40671 --- [ClinicaVeterinaria] [           main] com.zaxxer.hikari.HikariDataSource       : HikariPool-13 - Shutdown completed.
]]></system-out>
  </testcase>
  <testcase name="givenValidIdPet_whenGetRequestIsMade_thenReturnSuccess" classname="org.example.controllers.PetControllerTest" time="0.042">
    <system-out><![CDATA[2024-12-12T14:36:54.179+01:00  INFO 40671 --- [ClinicaVeterinaria] [           main] o.s.b.d.r.RestartApplicationListener     : Restart disabled due to context in which it is running

  .   ____          _            __ _ _
 /\\ / ___'_ __ _ _(_)_ __  __ _ \ \ \ \
( ( )\___ | '_ | '_| | '_ \/ _` | \ \ \ \
 \\/  ___)| |_)| | | | | || (_| |  ) ) ) )
  '  |____| .__|_| |_|_| |_\__, | / / / /
 =========|_|==============|___/=/_/_/_/

 :: Spring Boot ::                (v3.4.0)

2024-12-12T14:36:54.207+01:00  INFO 40671 --- [ClinicaVeterinaria] [           main] o.example.controllers.PetControllerTest  : Starting PetControllerTest using Java 21.0.5 with PID 40671 (started by lay in /home/lay/Documentos/DesarrolloWeb/bootcamp/springboot/ClinicaVeterinaria)
2024-12-12T14:36:54.208+01:00  INFO 40671 --- [ClinicaVeterinaria] [           main] o.example.controllers.PetControllerTest  : The following 1 profile is active: "test"
2024-12-12T14:36:54.335+01:00  INFO 40671 --- [ClinicaVeterinaria] [           main] .s.d.r.c.RepositoryConfigurationDelegate : Bootstrapping Spring Data JPA repositories in DEFAULT mode.
2024-12-12T14:36:54.347+01:00  INFO 40671 --- [ClinicaVeterinaria] [           main] .s.d.r.c.RepositoryConfigurationDelegate : Finished Spring Data repository scanning in 11 ms. Found 3 JPA repository interfaces.
2024-12-12T14:36:54.457+01:00  INFO 40671 --- [ClinicaVeterinaria] [           main] com.zaxxer.hikari.HikariDataSource       : HikariPool-14 - Starting...
2024-12-12T14:36:54.459+01:00  INFO 40671 --- [ClinicaVeterinaria] [           main] com.zaxxer.hikari.pool.HikariPool        : HikariPool-14 - Added connection conn130: url=jdbc:h2:mem:list user=SA
2024-12-12T14:36:54.459+01:00  INFO 40671 --- [ClinicaVeterinaria] [           main] com.zaxxer.hikari.HikariDataSource       : HikariPool-14 - Start completed.
2024-12-12T14:36:54.464+01:00  INFO 40671 --- [ClinicaVeterinaria] [           main] o.hibernate.jpa.internal.util.LogHelper  : HHH000204: Processing PersistenceUnitInfo [name: default]
2024-12-12T14:36:54.468+01:00  INFO 40671 --- [ClinicaVeterinaria] [           main] o.h.c.internal.RegionFactoryInitiator    : HHH000026: Second-level cache disabled
2024-12-12T14:36:54.480+01:00  INFO 40671 --- [ClinicaVeterinaria] [           main] o.s.o.j.p.SpringPersistenceUnitInfo      : No LoadTimeWeaver setup: ignoring JPA class transformer
2024-12-12T14:36:54.485+01:00  INFO 40671 --- [ClinicaVeterinaria] [           main] org.hibernate.orm.connections.pooling    : HHH10001005: Database info:
	Database JDBC URL [Connecting through datasource 'HikariDataSource (HikariPool-14)']
	Database driver: undefined/unknown
	Database version: 2.3.232
	Autocommit mode: undefined/unknown
	Isolation level: undefined/unknown
	Minimum pool size: undefined/unknown
	Maximum pool size: undefined/unknown
2024-12-12T14:36:54.581+01:00  INFO 40671 --- [ClinicaVeterinaria] [           main] o.h.e.t.j.p.i.JtaPlatformInitiator       : HHH000489: No JTA platform available (set 'hibernate.transaction.jta.platform' to enable JTA platform integration)
Hibernate: 
    drop table if exists appointment cascade 
Hibernate: 
    drop table if exists guardian cascade 
Hibernate: 
    drop table if exists pet cascade 
Hibernate: 
    create table appointment (
        pet_id integer,
        id_appointment bigint generated by default as identity,
        date varchar(255),
        reason varchar(255),
        time varchar(255),
        primary key (id_appointment)
    )
Hibernate: 
    create table guardian (
        id_guardian integer generated by default as identity,
        address varchar(255),
        email varchar(255),
        name varchar(255),
        phone varchar(255),
        primary key (id_guardian)
    )
Hibernate: 
    create table pet (
        age integer,
        guardian_id integer,
        id_pet integer generated by default as identity,
        breed varchar(255),
        name varchar(255),
        specie varchar(255),
        primary key (id_pet)
    )
Hibernate: 
    alter table if exists appointment 
       add constraint FK8y0it8yrd322ps2jklm5f8e07 
       foreign key (pet_id) 
       references pet
Hibernate: 
    alter table if exists pet 
       add constraint FKa8815najxp50op149j4yg6hhd 
       foreign key (guardian_id) 
       references guardian
2024-12-12T14:36:54.590+01:00  INFO 40671 --- [ClinicaVeterinaria] [           main] j.LocalContainerEntityManagerFactoryBean : Initialized JPA EntityManagerFactory for persistence unit 'default'
2024-12-12T14:36:54.678+01:00  WARN 40671 --- [ClinicaVeterinaria] [           main] JpaBaseConfiguration$JpaWebConfiguration : spring.jpa.open-in-view is enabled by default. Therefore, database queries may be performed during view rendering. Explicitly configure spring.jpa.open-in-view to disable this warning
2024-12-12T14:36:54.768+01:00  INFO 40671 --- [ClinicaVeterinaria] [           main] o.s.b.a.h2.H2ConsoleAutoConfiguration    : H2 console available at '/h2-console'. Database available at 'jdbc:h2:mem:list'
2024-12-12T14:36:54.791+01:00  INFO 40671 --- [ClinicaVeterinaria] [           main] o.s.b.t.m.w.SpringBootMockServletContext : Initializing Spring TestDispatcherServlet ''
2024-12-12T14:36:54.791+01:00  INFO 40671 --- [ClinicaVeterinaria] [           main] o.s.t.web.servlet.TestDispatcherServlet  : Initializing Servlet ''
2024-12-12T14:36:54.792+01:00  INFO 40671 --- [ClinicaVeterinaria] [           main] o.s.t.web.servlet.TestDispatcherServlet  : Completed initialization in 1 ms
2024-12-12T14:36:54.801+01:00  INFO 40671 --- [ClinicaVeterinaria] [           main] o.example.controllers.PetControllerTest  : Started PetControllerTest in 0.623 seconds (process running for 23.583)
Hibernate: 
    insert 
    into
        guardian
        (address, email, name, phone, id_guardian) 
    values
        (?, ?, ?, ?, default)
Hibernate: 
    insert 
    into
        pet
        (age, breed, guardian_id, name, specie, id_pet) 
    values
        (?, ?, ?, ?, ?, default)
Hibernate: 
    select
        p1_0.id_pet,
        p1_0.age,
        p1_0.breed,
        g1_0.id_guardian,
        g1_0.address,
        g1_0.email,
        g1_0.name,
        g1_0.phone,
        p1_0.name,
        p1_0.specie 
    from
        pet p1_0 
    left join
        guardian g1_0 
            on g1_0.id_guardian=p1_0.guardian_id 
    where
        p1_0.id_pet=?
Hibernate: 
    select
        a1_0.pet_id,
        a1_0.id_appointment,
        a1_0.date,
        a1_0.reason,
        a1_0.time 
    from
        appointment a1_0 
    where
        a1_0.pet_id=?
2024-12-12T14:36:54.841+01:00  INFO 40671 --- [ClinicaVeterinaria] [           main] j.LocalContainerEntityManagerFactoryBean : Closing JPA EntityManagerFactory for persistence unit 'default'
Hibernate: 
    drop table if exists appointment cascade 
Hibernate: 
    drop table if exists guardian cascade 
Hibernate: 
    drop table if exists pet cascade 
2024-12-12T14:36:54.844+01:00  INFO 40671 --- [ClinicaVeterinaria] [           main] com.zaxxer.hikari.HikariDataSource       : HikariPool-14 - Shutdown initiated...
2024-12-12T14:36:54.846+01:00  INFO 40671 --- [ClinicaVeterinaria] [           main] com.zaxxer.hikari.HikariDataSource       : HikariPool-14 - Shutdown completed.
]]></system-out>
  </testcase>
  <testcase name="givenPatientById_whenUpdate_thenReturnSuccess" classname="org.example.controllers.PetControllerTest" time="0.064">
    <system-out><![CDATA[2024-12-12T14:36:54.850+01:00  INFO 40671 --- [ClinicaVeterinaria] [           main] o.s.b.d.r.RestartApplicationListener     : Restart disabled due to context in which it is running

  .   ____          _            __ _ _
 /\\ / ___'_ __ _ _(_)_ __  __ _ \ \ \ \
( ( )\___ | '_ | '_| | '_ \/ _` | \ \ \ \
 \\/  ___)| |_)| | | | | || (_| |  ) ) ) )
  '  |____| .__|_| |_|_| |_\__, | / / / /
 =========|_|==============|___/=/_/_/_/

 :: Spring Boot ::                (v3.4.0)

2024-12-12T14:36:54.885+01:00  INFO 40671 --- [ClinicaVeterinaria] [           main] o.example.controllers.PetControllerTest  : Starting PetControllerTest using Java 21.0.5 with PID 40671 (started by lay in /home/lay/Documentos/DesarrolloWeb/bootcamp/springboot/ClinicaVeterinaria)
2024-12-12T14:36:54.885+01:00  INFO 40671 --- [ClinicaVeterinaria] [           main] o.example.controllers.PetControllerTest  : The following 1 profile is active: "test"
2024-12-12T14:36:55.092+01:00  INFO 40671 --- [ClinicaVeterinaria] [           main] .s.d.r.c.RepositoryConfigurationDelegate : Bootstrapping Spring Data JPA repositories in DEFAULT mode.
2024-12-12T14:36:55.110+01:00  INFO 40671 --- [ClinicaVeterinaria] [           main] .s.d.r.c.RepositoryConfigurationDelegate : Finished Spring Data repository scanning in 16 ms. Found 3 JPA repository interfaces.
2024-12-12T14:36:55.195+01:00  INFO 40671 --- [ClinicaVeterinaria] [           main] com.zaxxer.hikari.HikariDataSource       : HikariPool-15 - Starting...
2024-12-12T14:36:55.198+01:00  INFO 40671 --- [ClinicaVeterinaria] [           main] com.zaxxer.hikari.pool.HikariPool        : HikariPool-15 - Added connection conn140: url=jdbc:h2:mem:list user=SA
2024-12-12T14:36:55.198+01:00  INFO 40671 --- [ClinicaVeterinaria] [           main] com.zaxxer.hikari.HikariDataSource       : HikariPool-15 - Start completed.
2024-12-12T14:36:55.205+01:00  INFO 40671 --- [ClinicaVeterinaria] [           main] o.hibernate.jpa.internal.util.LogHelper  : HHH000204: Processing PersistenceUnitInfo [name: default]
2024-12-12T14:36:55.207+01:00  INFO 40671 --- [ClinicaVeterinaria] [           main] o.h.c.internal.RegionFactoryInitiator    : HHH000026: Second-level cache disabled
2024-12-12T14:36:55.217+01:00  INFO 40671 --- [ClinicaVeterinaria] [           main] o.s.o.j.p.SpringPersistenceUnitInfo      : No LoadTimeWeaver setup: ignoring JPA class transformer
2024-12-12T14:36:55.220+01:00  INFO 40671 --- [ClinicaVeterinaria] [           main] org.hibernate.orm.connections.pooling    : HHH10001005: Database info:
	Database JDBC URL [Connecting through datasource 'HikariDataSource (HikariPool-15)']
	Database driver: undefined/unknown
	Database version: 2.3.232
	Autocommit mode: undefined/unknown
	Isolation level: undefined/unknown
	Minimum pool size: undefined/unknown
	Maximum pool size: undefined/unknown
2024-12-12T14:36:55.337+01:00  INFO 40671 --- [ClinicaVeterinaria] [           main] o.h.e.t.j.p.i.JtaPlatformInitiator       : HHH000489: No JTA platform available (set 'hibernate.transaction.jta.platform' to enable JTA platform integration)
Hibernate: 
    drop table if exists appointment cascade 
Hibernate: 
    drop table if exists guardian cascade 
Hibernate: 
    drop table if exists pet cascade 
Hibernate: 
    create table appointment (
        pet_id integer,
        id_appointment bigint generated by default as identity,
        date varchar(255),
        reason varchar(255),
        time varchar(255),
        primary key (id_appointment)
    )
Hibernate: 
    create table guardian (
        id_guardian integer generated by default as identity,
        address varchar(255),
        email varchar(255),
        name varchar(255),
        phone varchar(255),
        primary key (id_guardian)
    )
Hibernate: 
    create table pet (
        age integer,
        guardian_id integer,
        id_pet integer generated by default as identity,
        breed varchar(255),
        name varchar(255),
        specie varchar(255),
        primary key (id_pet)
    )
Hibernate: 
    alter table if exists appointment 
       add constraint FK8y0it8yrd322ps2jklm5f8e07 
       foreign key (pet_id) 
       references pet
Hibernate: 
    alter table if exists pet 
       add constraint FKa8815najxp50op149j4yg6hhd 
       foreign key (guardian_id) 
       references guardian
2024-12-12T14:36:55.357+01:00  INFO 40671 --- [ClinicaVeterinaria] [           main] j.LocalContainerEntityManagerFactoryBean : Initialized JPA EntityManagerFactory for persistence unit 'default'
2024-12-12T14:36:55.458+01:00  WARN 40671 --- [ClinicaVeterinaria] [           main] JpaBaseConfiguration$JpaWebConfiguration : spring.jpa.open-in-view is enabled by default. Therefore, database queries may be performed during view rendering. Explicitly configure spring.jpa.open-in-view to disable this warning
2024-12-12T14:36:55.579+01:00  INFO 40671 --- [ClinicaVeterinaria] [           main] o.s.b.a.h2.H2ConsoleAutoConfiguration    : H2 console available at '/h2-console'. Database available at 'jdbc:h2:mem:list'
2024-12-12T14:36:55.599+01:00  INFO 40671 --- [ClinicaVeterinaria] [           main] o.s.b.t.m.w.SpringBootMockServletContext : Initializing Spring TestDispatcherServlet ''
2024-12-12T14:36:55.599+01:00  INFO 40671 --- [ClinicaVeterinaria] [           main] o.s.t.web.servlet.TestDispatcherServlet  : Initializing Servlet ''
2024-12-12T14:36:55.600+01:00  INFO 40671 --- [ClinicaVeterinaria] [           main] o.s.t.web.servlet.TestDispatcherServlet  : Completed initialization in 1 ms
2024-12-12T14:36:55.611+01:00  INFO 40671 --- [ClinicaVeterinaria] [           main] o.example.controllers.PetControllerTest  : Started PetControllerTest in 0.761 seconds (process running for 24.393)
Hibernate: 
    insert 
    into
        guardian
        (address, email, name, phone, id_guardian) 
    values
        (?, ?, ?, ?, default)
Hibernate: 
    insert 
    into
        guardian
        (address, email, name, phone, id_guardian) 
    values
        (?, ?, ?, ?, default)
Hibernate: 
    insert 
    into
        pet
        (age, breed, guardian_id, name, specie, id_pet) 
    values
        (?, ?, ?, ?, ?, default)
Hibernate: 
    select
        p1_0.id_pet,
        p1_0.age,
        p1_0.breed,
        g1_0.id_guardian,
        g1_0.address,
        g1_0.email,
        g1_0.name,
        g1_0.phone,
        p1_0.name,
        p1_0.specie 
    from
        pet p1_0 
    left join
        guardian g1_0 
            on g1_0.id_guardian=p1_0.guardian_id 
    where
        p1_0.id_pet=?
Hibernate: 
    select
        g1_0.id_guardian,
        g1_0.address,
        g1_0.email,
        g1_0.name,
        g1_0.phone 
    from
        guardian g1_0 
    where
        g1_0.id_guardian=?
Hibernate: 
    update
        pet 
    set
        age=?,
        breed=?,
        guardian_id=?,
        name=?,
        specie=? 
    where
        id_pet=?
Hibernate: 
    select
        a1_0.pet_id,
        a1_0.id_appointment,
        a1_0.date,
        a1_0.reason,
        a1_0.time 
    from
        appointment a1_0 
    where
        a1_0.pet_id=?
2024-12-12T14:36:55.673+01:00  INFO 40671 --- [ClinicaVeterinaria] [           main] j.LocalContainerEntityManagerFactoryBean : Closing JPA EntityManagerFactory for persistence unit 'default'
Hibernate: 
    drop table if exists appointment cascade 
Hibernate: 
    drop table if exists guardian cascade 
Hibernate: 
    drop table if exists pet cascade 
2024-12-12T14:36:55.676+01:00  INFO 40671 --- [ClinicaVeterinaria] [           main] com.zaxxer.hikari.HikariDataSource       : HikariPool-15 - Shutdown initiated...
2024-12-12T14:36:55.677+01:00  INFO 40671 --- [ClinicaVeterinaria] [           main] com.zaxxer.hikari.HikariDataSource       : HikariPool-15 - Shutdown completed.
]]></system-out>
  </testcase>
  <testcase name="givenAValidPet_whenPostRequestIsMade_thenReturnSuccess" classname="org.example.controllers.PetControllerTest" time="0.051">
    <system-out><![CDATA[2024-12-12T14:36:55.684+01:00  INFO 40671 --- [ClinicaVeterinaria] [           main] o.s.b.d.r.RestartApplicationListener     : Restart disabled due to context in which it is running

  .   ____          _            __ _ _
 /\\ / ___'_ __ _ _(_)_ __  __ _ \ \ \ \
( ( )\___ | '_ | '_| | '_ \/ _` | \ \ \ \
 \\/  ___)| |_)| | | | | || (_| |  ) ) ) )
  '  |____| .__|_| |_|_| |_\__, | / / / /
 =========|_|==============|___/=/_/_/_/

 :: Spring Boot ::                (v3.4.0)

2024-12-12T14:36:55.707+01:00  INFO 40671 --- [ClinicaVeterinaria] [           main] o.example.controllers.PetControllerTest  : Starting PetControllerTest using Java 21.0.5 with PID 40671 (started by lay in /home/lay/Documentos/DesarrolloWeb/bootcamp/springboot/ClinicaVeterinaria)
2024-12-12T14:36:55.707+01:00  INFO 40671 --- [ClinicaVeterinaria] [           main] o.example.controllers.PetControllerTest  : The following 1 profile is active: "test"
2024-12-12T14:36:55.836+01:00  INFO 40671 --- [ClinicaVeterinaria] [           main] .s.d.r.c.RepositoryConfigurationDelegate : Bootstrapping Spring Data JPA repositories in DEFAULT mode.
2024-12-12T14:36:55.847+01:00  INFO 40671 --- [ClinicaVeterinaria] [           main] .s.d.r.c.RepositoryConfigurationDelegate : Finished Spring Data repository scanning in 9 ms. Found 3 JPA repository interfaces.
2024-12-12T14:36:55.942+01:00  INFO 40671 --- [ClinicaVeterinaria] [           main] com.zaxxer.hikari.HikariDataSource       : HikariPool-16 - Starting...
2024-12-12T14:36:55.944+01:00  INFO 40671 --- [ClinicaVeterinaria] [           main] com.zaxxer.hikari.pool.HikariPool        : HikariPool-16 - Added connection conn150: url=jdbc:h2:mem:list user=SA
2024-12-12T14:36:55.944+01:00  INFO 40671 --- [ClinicaVeterinaria] [           main] com.zaxxer.hikari.HikariDataSource       : HikariPool-16 - Start completed.
2024-12-12T14:36:55.948+01:00  INFO 40671 --- [ClinicaVeterinaria] [           main] o.hibernate.jpa.internal.util.LogHelper  : HHH000204: Processing PersistenceUnitInfo [name: default]
2024-12-12T14:36:55.950+01:00  INFO 40671 --- [ClinicaVeterinaria] [           main] o.h.c.internal.RegionFactoryInitiator    : HHH000026: Second-level cache disabled
2024-12-12T14:36:55.960+01:00  INFO 40671 --- [ClinicaVeterinaria] [           main] o.s.o.j.p.SpringPersistenceUnitInfo      : No LoadTimeWeaver setup: ignoring JPA class transformer
2024-12-12T14:36:55.963+01:00  INFO 40671 --- [ClinicaVeterinaria] [           main] org.hibernate.orm.connections.pooling    : HHH10001005: Database info:
	Database JDBC URL [Connecting through datasource 'HikariDataSource (HikariPool-16)']
	Database driver: undefined/unknown
	Database version: 2.3.232
	Autocommit mode: undefined/unknown
	Isolation level: undefined/unknown
	Minimum pool size: undefined/unknown
	Maximum pool size: undefined/unknown
2024-12-12T14:36:56.061+01:00  INFO 40671 --- [ClinicaVeterinaria] [           main] o.h.e.t.j.p.i.JtaPlatformInitiator       : HHH000489: No JTA platform available (set 'hibernate.transaction.jta.platform' to enable JTA platform integration)
Hibernate: 
    drop table if exists appointment cascade 
Hibernate: 
    drop table if exists guardian cascade 
Hibernate: 
    drop table if exists pet cascade 
Hibernate: 
    create table appointment (
        pet_id integer,
        id_appointment bigint generated by default as identity,
        date varchar(255),
        reason varchar(255),
        time varchar(255),
        primary key (id_appointment)
    )
Hibernate: 
    create table guardian (
        id_guardian integer generated by default as identity,
        address varchar(255),
        email varchar(255),
        name varchar(255),
        phone varchar(255),
        primary key (id_guardian)
    )
Hibernate: 
    create table pet (
        age integer,
        guardian_id integer,
        id_pet integer generated by default as identity,
        breed varchar(255),
        name varchar(255),
        specie varchar(255),
        primary key (id_pet)
    )
Hibernate: 
    alter table if exists appointment 
       add constraint FK8y0it8yrd322ps2jklm5f8e07 
       foreign key (pet_id) 
       references pet
Hibernate: 
    alter table if exists pet 
       add constraint FKa8815najxp50op149j4yg6hhd 
       foreign key (guardian_id) 
       references guardian
2024-12-12T14:36:56.068+01:00  INFO 40671 --- [ClinicaVeterinaria] [           main] j.LocalContainerEntityManagerFactoryBean : Initialized JPA EntityManagerFactory for persistence unit 'default'
2024-12-12T14:36:56.174+01:00  WARN 40671 --- [ClinicaVeterinaria] [           main] JpaBaseConfiguration$JpaWebConfiguration : spring.jpa.open-in-view is enabled by default. Therefore, database queries may be performed during view rendering. Explicitly configure spring.jpa.open-in-view to disable this warning
2024-12-12T14:36:56.285+01:00  INFO 40671 --- [ClinicaVeterinaria] [           main] o.s.b.a.h2.H2ConsoleAutoConfiguration    : H2 console available at '/h2-console'. Database available at 'jdbc:h2:mem:list'
2024-12-12T14:36:56.305+01:00  INFO 40671 --- [ClinicaVeterinaria] [           main] o.s.b.t.m.w.SpringBootMockServletContext : Initializing Spring TestDispatcherServlet ''
2024-12-12T14:36:56.306+01:00  INFO 40671 --- [ClinicaVeterinaria] [           main] o.s.t.web.servlet.TestDispatcherServlet  : Initializing Servlet ''
2024-12-12T14:36:56.307+01:00  INFO 40671 --- [ClinicaVeterinaria] [           main] o.s.t.web.servlet.TestDispatcherServlet  : Completed initialization in 1 ms
2024-12-12T14:36:56.322+01:00  INFO 40671 --- [ClinicaVeterinaria] [           main] o.example.controllers.PetControllerTest  : Started PetControllerTest in 0.639 seconds (process running for 25.104)
Hibernate: 
    insert 
    into
        guardian
        (address, email, name, phone, id_guardian) 
    values
        (?, ?, ?, ?, default)
Hibernate: 
    select
        g1_0.id_guardian,
        g1_0.address,
        g1_0.email,
        g1_0.name,
        g1_0.phone 
    from
        guardian g1_0 
    where
        g1_0.id_guardian=?
Hibernate: 
    insert 
    into
        pet
        (age, breed, guardian_id, name, specie, id_pet) 
    values
        (?, ?, ?, ?, ?, default)
2024-12-12T14:36:56.368+01:00  INFO 40671 --- [ClinicaVeterinaria] [           main] j.LocalContainerEntityManagerFactoryBean : Closing JPA EntityManagerFactory for persistence unit 'default'
Hibernate: 
    drop table if exists appointment cascade 
Hibernate: 
    drop table if exists guardian cascade 
Hibernate: 
    drop table if exists pet cascade 
2024-12-12T14:36:56.373+01:00  INFO 40671 --- [ClinicaVeterinaria] [           main] com.zaxxer.hikari.HikariDataSource       : HikariPool-16 - Shutdown initiated...
2024-12-12T14:36:56.376+01:00  INFO 40671 --- [ClinicaVeterinaria] [           main] com.zaxxer.hikari.HikariDataSource       : HikariPool-16 - Shutdown completed.
]]></system-out>
  </testcase>
</testsuite>