<?xml version="1.0" encoding="UTF-8"?>
<testsuite xmlns:xsi="http://www.w3.org/2001/XMLSchema-instance" xsi:noNamespaceSchemaLocation="https://maven.apache.org/surefire/maven-surefire-plugin/xsd/surefire-test-report.xsd" version="3.0.2" name="org.example.controllers.GuardianControllerTest" time="16.302" tests="6" errors="0" skipped="0" failures="0">
  <properties>
[...]
</properties>
  <testcase name="givenValidGuardian_whenGetRequestIsMade_thenReturnSuccess" classname="org.example.controllers.GuardianControllerTest" time="1.146">
    <system-out><![CDATA[14:36:32.388 [main] INFO org.springframework.test.context.support.AnnotationConfigContextLoaderUtils -- Could not detect default configuration classes for test class [org.example.controllers.GuardianControllerTest]: GuardianControllerTest does not declare any static, non-private, non-final, nested classes annotated with @Configuration.
14:36:32.631 [main] INFO org.springframework.boot.test.context.SpringBootTestContextBootstrapper -- Found @SpringBootConfiguration org.example.ClinicaVeterinariaApplication for test class org.example.controllers.GuardianControllerTest
14:36:32.935 [main] INFO org.springframework.boot.devtools.restart.RestartApplicationListener -- Restart disabled due to context in which it is running

  .   ____          _            __ _ _
 /\\ / ___'_ __ _ _(_)_ __  __ _ \ \ \ \
( ( )\___ | '_ | '_| | '_ \/ _` | \ \ \ \
 \\/  ___)| |_)| | | | | || (_| |  ) ) ) )
  '  |____| .__|_| |_|_| |_\__, | / / / /
 =========|_|==============|___/=/_/_/_/

 :: Spring Boot ::                (v3.4.0)

2024-12-12T14:36:33.487+01:00  INFO 40671 --- [ClinicaVeterinaria] [           main] o.e.controllers.GuardianControllerTest   : Starting GuardianControllerTest using Java 21.0.5 with PID 40671 (started by lay in /home/lay/Documentos/DesarrolloWeb/bootcamp/springboot/ClinicaVeterinaria)
2024-12-12T14:36:33.490+01:00  INFO 40671 --- [ClinicaVeterinaria] [           main] o.e.controllers.GuardianControllerTest   : The following 1 profile is active: "test"
2024-12-12T14:36:34.787+01:00  INFO 40671 --- [ClinicaVeterinaria] [           main] .s.d.r.c.RepositoryConfigurationDelegate : Bootstrapping Spring Data JPA repositories in DEFAULT mode.
2024-12-12T14:36:34.928+01:00  INFO 40671 --- [ClinicaVeterinaria] [           main] .s.d.r.c.RepositoryConfigurationDelegate : Finished Spring Data repository scanning in 112 ms. Found 3 JPA repository interfaces.
2024-12-12T14:36:35.821+01:00  INFO 40671 --- [ClinicaVeterinaria] [           main] com.zaxxer.hikari.HikariDataSource       : HikariPool-1 - Starting...
2024-12-12T14:36:36.215+01:00  INFO 40671 --- [ClinicaVeterinaria] [           main] com.zaxxer.hikari.pool.HikariPool        : HikariPool-1 - Added connection conn0: url=jdbc:h2:mem:list user=SA
2024-12-12T14:36:36.220+01:00  INFO 40671 --- [ClinicaVeterinaria] [           main] com.zaxxer.hikari.HikariDataSource       : HikariPool-1 - Start completed.
2024-12-12T14:36:36.334+01:00  INFO 40671 --- [ClinicaVeterinaria] [           main] o.hibernate.jpa.internal.util.LogHelper  : HHH000204: Processing PersistenceUnitInfo [name: default]
2024-12-12T14:36:36.437+01:00  INFO 40671 --- [ClinicaVeterinaria] [           main] org.hibernate.Version                    : HHH000412: Hibernate ORM core version 6.6.2.Final
2024-12-12T14:36:36.492+01:00  INFO 40671 --- [ClinicaVeterinaria] [           main] o.h.c.internal.RegionFactoryInitiator    : HHH000026: Second-level cache disabled
2024-12-12T14:36:36.930+01:00  INFO 40671 --- [ClinicaVeterinaria] [           main] o.s.o.j.p.SpringPersistenceUnitInfo      : No LoadTimeWeaver setup: ignoring JPA class transformer
2024-12-12T14:36:37.088+01:00  INFO 40671 --- [ClinicaVeterinaria] [           main] org.hibernate.orm.connections.pooling    : HHH10001005: Database info:
	Database JDBC URL [Connecting through datasource 'HikariDataSource (HikariPool-1)']
	Database driver: undefined/unknown
	Database version: 2.3.232
	Autocommit mode: undefined/unknown
	Isolation level: undefined/unknown
	Minimum pool size: undefined/unknown
	Maximum pool size: undefined/unknown
2024-12-12T14:36:38.672+01:00  INFO 40671 --- [ClinicaVeterinaria] [           main] o.h.e.t.j.p.i.JtaPlatformInitiator       : HHH000489: No JTA platform available (set 'hibernate.transaction.jta.platform' to enable JTA platform integration)
Hibernate: 
    drop table if exists appointment cascade 
Hibernate: 
    drop table if exists guardian cascade 
Hibernate: 
    drop table if exists pet cascade 
Hibernate: 
    create table appointment (
        pet_id integer,
        id_appointment bigint generated by default as identity,
        date varchar(255),
        reason varchar(255),
        time varchar(255),
        primary key (id_appointment)
    )
Hibernate: 
    create table guardian (
        id_guardian integer generated by default as identity,
        address varchar(255),
        email varchar(255),
        name varchar(255),
        phone varchar(255),
        primary key (id_guardian)
    )
Hibernate: 
    create table pet (
        age integer,
        guardian_id integer,
        id_pet integer generated by default as identity,
        breed varchar(255),
        name varchar(255),
        specie varchar(255),
        primary key (id_pet)
    )
Hibernate: 
    alter table if exists appointment 
       add constraint FK8y0it8yrd322ps2jklm5f8e07 
       foreign key (pet_id) 
       references pet
Hibernate: 
    alter table if exists pet 
       add constraint FKa8815najxp50op149j4yg6hhd 
       foreign key (guardian_id) 
       references guardian
2024-12-12T14:36:38.743+01:00  INFO 40671 --- [ClinicaVeterinaria] [           main] j.LocalContainerEntityManagerFactoryBean : Initialized JPA EntityManagerFactory for persistence unit 'default'
2024-12-12T14:36:39.362+01:00  INFO 40671 --- [ClinicaVeterinaria] [           main] o.s.d.j.r.query.QueryEnhancerFactory     : Hibernate is in classpath; If applicable, HQL parser will be used.
2024-12-12T14:36:40.623+01:00  WARN 40671 --- [ClinicaVeterinaria] [           main] JpaBaseConfiguration$JpaWebConfiguration : spring.jpa.open-in-view is enabled by default. Therefore, database queries may be performed during view rendering. Explicitly configure spring.jpa.open-in-view to disable this warning
2024-12-12T14:36:41.342+01:00  INFO 40671 --- [ClinicaVeterinaria] [           main] o.s.b.a.h2.H2ConsoleAutoConfiguration    : H2 console available at '/h2-console'. Database available at 'jdbc:h2:mem:list'
2024-12-12T14:36:41.475+01:00  INFO 40671 --- [ClinicaVeterinaria] [           main] o.s.b.t.m.w.SpringBootMockServletContext : Initializing Spring TestDispatcherServlet ''
2024-12-12T14:36:41.476+01:00  INFO 40671 --- [ClinicaVeterinaria] [           main] o.s.t.web.servlet.TestDispatcherServlet  : Initializing Servlet ''
2024-12-12T14:36:41.482+01:00  INFO 40671 --- [ClinicaVeterinaria] [           main] o.s.t.web.servlet.TestDispatcherServlet  : Completed initialization in 4 ms
2024-12-12T14:36:41.534+01:00  INFO 40671 --- [ClinicaVeterinaria] [           main] o.e.controllers.GuardianControllerTest   : Started GuardianControllerTest in 8.626 seconds (process running for 10.316)
Hibernate: 
    insert 
    into
        guardian
        (address, email, name, phone, id_guardian) 
    values
        (?, ?, ?, ?, default)
Hibernate: 
    select
        g1_0.id_guardian,
        g1_0.address,
        g1_0.email,
        g1_0.name,
        g1_0.phone 
    from
        guardian g1_0
Hibernate: 
    select
        p1_0.guardian_id,
        p1_0.id_pet,
        p1_0.age,
        p1_0.breed,
        p1_0.name,
        p1_0.specie 
    from
        pet p1_0 
    where
        p1_0.guardian_id=?
2024-12-12T14:36:42.674+01:00  INFO 40671 --- [ClinicaVeterinaria] [           main] j.LocalContainerEntityManagerFactoryBean : Closing JPA EntityManagerFactory for persistence unit 'default'
Hibernate: 
    drop table if exists appointment cascade 
Hibernate: 
    drop table if exists guardian cascade 
Hibernate: 
    drop table if exists pet cascade 
2024-12-12T14:36:42.686+01:00  INFO 40671 --- [ClinicaVeterinaria] [           main] com.zaxxer.hikari.HikariDataSource       : HikariPool-1 - Shutdown initiated...
2024-12-12T14:36:42.693+01:00  INFO 40671 --- [ClinicaVeterinaria] [           main] com.zaxxer.hikari.HikariDataSource       : HikariPool-1 - Shutdown completed.
]]></system-out>
    <system-err><![CDATA[Mockito is currently self-attaching to enable the inline-mock-maker. This will no longer work in future releases of the JDK. Please add Mockito as an agent to your build what is described in Mockito's documentation: https://javadoc.io/doc/org.mockito/mockito-core/latest/org/mockito/Mockito.html#0.3
WARNING: A Java agent has been loaded dynamically (/home/lay/.m2/repository/net/bytebuddy/byte-buddy-agent/1.15.10/byte-buddy-agent-1.15.10.jar)
WARNING: If a serviceability tool is in use, please run with -XX:+EnableDynamicAgentLoading to hide this warning
WARNING: If a serviceability tool is not in use, please run with -Djdk.instrument.traceUsage for more information
WARNING: Dynamic loading of agents will be disallowed by default in a future release
]]></system-err>
  </testcase>
  <testcase name="givenValidGuardian_whenPostRequestIsMade_thenReturnSuccess" classname="org.example.controllers.GuardianControllerTest" time="0.194">
    <system-out><![CDATA[2024-12-12T14:36:42.709+01:00  INFO 40671 --- [ClinicaVeterinaria] [           main] o.s.b.d.r.RestartApplicationListener     : Restart disabled due to context in which it is running

  .   ____          _            __ _ _
 /\\ / ___'_ __ _ _(_)_ __  __ _ \ \ \ \
( ( )\___ | '_ | '_| | '_ \/ _` | \ \ \ \
 \\/  ___)| |_)| | | | | || (_| |  ) ) ) )
  '  |____| .__|_| |_|_| |_\__, | / / / /
 =========|_|==============|___/=/_/_/_/

 :: Spring Boot ::                (v3.4.0)

2024-12-12T14:36:42.758+01:00  INFO 40671 --- [ClinicaVeterinaria] [           main] o.e.controllers.GuardianControllerTest   : Starting GuardianControllerTest using Java 21.0.5 with PID 40671 (started by lay in /home/lay/Documentos/DesarrolloWeb/bootcamp/springboot/ClinicaVeterinaria)
2024-12-12T14:36:42.759+01:00  INFO 40671 --- [ClinicaVeterinaria] [           main] o.e.controllers.GuardianControllerTest   : The following 1 profile is active: "test"
2024-12-12T14:36:43.073+01:00  INFO 40671 --- [ClinicaVeterinaria] [           main] .s.d.r.c.RepositoryConfigurationDelegate : Bootstrapping Spring Data JPA repositories in DEFAULT mode.
2024-12-12T14:36:43.090+01:00  INFO 40671 --- [ClinicaVeterinaria] [           main] .s.d.r.c.RepositoryConfigurationDelegate : Finished Spring Data repository scanning in 14 ms. Found 3 JPA repository interfaces.
2024-12-12T14:36:43.383+01:00  INFO 40671 --- [ClinicaVeterinaria] [           main] com.zaxxer.hikari.HikariDataSource       : HikariPool-2 - Starting...
2024-12-12T14:36:43.387+01:00  INFO 40671 --- [ClinicaVeterinaria] [           main] com.zaxxer.hikari.pool.HikariPool        : HikariPool-2 - Added connection conn10: url=jdbc:h2:mem:list user=SA
2024-12-12T14:36:43.387+01:00  INFO 40671 --- [ClinicaVeterinaria] [           main] com.zaxxer.hikari.HikariDataSource       : HikariPool-2 - Start completed.
2024-12-12T14:36:43.407+01:00  INFO 40671 --- [ClinicaVeterinaria] [           main] o.hibernate.jpa.internal.util.LogHelper  : HHH000204: Processing PersistenceUnitInfo [name: default]
2024-12-12T14:36:43.410+01:00  INFO 40671 --- [ClinicaVeterinaria] [           main] o.h.c.internal.RegionFactoryInitiator    : HHH000026: Second-level cache disabled
2024-12-12T14:36:43.430+01:00  INFO 40671 --- [ClinicaVeterinaria] [           main] o.s.o.j.p.SpringPersistenceUnitInfo      : No LoadTimeWeaver setup: ignoring JPA class transformer
2024-12-12T14:36:43.432+01:00  INFO 40671 --- [ClinicaVeterinaria] [           main] org.hibernate.orm.connections.pooling    : HHH10001005: Database info:
	Database JDBC URL [Connecting through datasource 'HikariDataSource (HikariPool-2)']
	Database driver: undefined/unknown
	Database version: 2.3.232
	Autocommit mode: undefined/unknown
	Isolation level: undefined/unknown
	Minimum pool size: undefined/unknown
	Maximum pool size: undefined/unknown
2024-12-12T14:36:43.604+01:00  INFO 40671 --- [ClinicaVeterinaria] [           main] o.h.e.t.j.p.i.JtaPlatformInitiator       : HHH000489: No JTA platform available (set 'hibernate.transaction.jta.platform' to enable JTA platform integration)
Hibernate: 
    drop table if exists appointment cascade 
Hibernate: 
    drop table if exists guardian cascade 
Hibernate: 
    drop table if exists pet cascade 
Hibernate: 
    create table appointment (
        pet_id integer,
        id_appointment bigint generated by default as identity,
        date varchar(255),
        reason varchar(255),
        time varchar(255),
        primary key (id_appointment)
    )
Hibernate: 
    create table guardian (
        id_guardian integer generated by default as identity,
        address varchar(255),
        email varchar(255),
        name varchar(255),
        phone varchar(255),
        primary key (id_guardian)
    )
Hibernate: 
    create table pet (
        age integer,
        guardian_id integer,
        id_pet integer generated by default as identity,
        breed varchar(255),
        name varchar(255),
        specie varchar(255),
        primary key (id_pet)
    )
Hibernate: 
    alter table if exists appointment 
       add constraint FK8y0it8yrd322ps2jklm5f8e07 
       foreign key (pet_id) 
       references pet
Hibernate: 
    alter table if exists pet 
       add constraint FKa8815najxp50op149j4yg6hhd 
       foreign key (guardian_id) 
       references guardian
2024-12-12T14:36:43.624+01:00  INFO 40671 --- [ClinicaVeterinaria] [           main] j.LocalContainerEntityManagerFactoryBean : Initialized JPA EntityManagerFactory for persistence unit 'default'
2024-12-12T14:36:43.812+01:00  WARN 40671 --- [ClinicaVeterinaria] [           main] JpaBaseConfiguration$JpaWebConfiguration : spring.jpa.open-in-view is enabled by default. Therefore, database queries may be performed during view rendering. Explicitly configure spring.jpa.open-in-view to disable this warning
2024-12-12T14:36:43.991+01:00  INFO 40671 --- [ClinicaVeterinaria] [           main] o.s.b.a.h2.H2ConsoleAutoConfiguration    : H2 console available at '/h2-console'. Database available at 'jdbc:h2:mem:list'
2024-12-12T14:36:44.030+01:00  INFO 40671 --- [ClinicaVeterinaria] [           main] o.s.b.t.m.w.SpringBootMockServletContext : Initializing Spring TestDispatcherServlet ''
2024-12-12T14:36:44.031+01:00  INFO 40671 --- [ClinicaVeterinaria] [           main] o.s.t.web.servlet.TestDispatcherServlet  : Initializing Servlet ''
2024-12-12T14:36:44.034+01:00  INFO 40671 --- [ClinicaVeterinaria] [           main] o.s.t.web.servlet.TestDispatcherServlet  : Completed initialization in 2 ms
2024-12-12T14:36:44.050+01:00  INFO 40671 --- [ClinicaVeterinaria] [           main] o.e.controllers.GuardianControllerTest   : Started GuardianControllerTest in 1.341 seconds (process running for 12.832)
Hibernate: 
    insert 
    into
        guardian
        (address, email, name, phone, id_guardian) 
    values
        (?, ?, ?, ?, default)
2024-12-12T14:36:44.237+01:00  INFO 40671 --- [ClinicaVeterinaria] [           main] j.LocalContainerEntityManagerFactoryBean : Closing JPA EntityManagerFactory for persistence unit 'default'
Hibernate: 
    drop table if exists appointment cascade 
Hibernate: 
    drop table if exists guardian cascade 
Hibernate: 
    drop table if exists pet cascade 
2024-12-12T14:36:44.243+01:00  INFO 40671 --- [ClinicaVeterinaria] [           main] com.zaxxer.hikari.HikariDataSource       : HikariPool-2 - Shutdown initiated...
2024-12-12T14:36:44.247+01:00  INFO 40671 --- [ClinicaVeterinaria] [           main] com.zaxxer.hikari.HikariDataSource       : HikariPool-2 - Shutdown completed.
]]></system-out>
  </testcase>
  <testcase name="givenValidGuardianId_whenDeleteRequestIsMade_thenReturnSuccessAndGuardianRepositoryEmpty" classname="org.example.controllers.GuardianControllerTest" time="0.174">
    <system-out><![CDATA[2024-12-12T14:36:44.257+01:00  INFO 40671 --- [ClinicaVeterinaria] [           main] o.s.b.d.r.RestartApplicationListener     : Restart disabled due to context in which it is running

  .   ____          _            __ _ _
 /\\ / ___'_ __ _ _(_)_ __  __ _ \ \ \ \
( ( )\___ | '_ | '_| | '_ \/ _` | \ \ \ \
 \\/  ___)| |_)| | | | | || (_| |  ) ) ) )
  '  |____| .__|_| |_|_| |_\__, | / / / /
 =========|_|==============|___/=/_/_/_/

 :: Spring Boot ::                (v3.4.0)

2024-12-12T14:36:44.306+01:00  INFO 40671 --- [ClinicaVeterinaria] [           main] o.e.controllers.GuardianControllerTest   : Starting GuardianControllerTest using Java 21.0.5 with PID 40671 (started by lay in /home/lay/Documentos/DesarrolloWeb/bootcamp/springboot/ClinicaVeterinaria)
2024-12-12T14:36:44.306+01:00  INFO 40671 --- [ClinicaVeterinaria] [           main] o.e.controllers.GuardianControllerTest   : The following 1 profile is active: "test"
2024-12-12T14:36:44.564+01:00  INFO 40671 --- [ClinicaVeterinaria] [           main] .s.d.r.c.RepositoryConfigurationDelegate : Bootstrapping Spring Data JPA repositories in DEFAULT mode.
2024-12-12T14:36:44.580+01:00  INFO 40671 --- [ClinicaVeterinaria] [           main] .s.d.r.c.RepositoryConfigurationDelegate : Finished Spring Data repository scanning in 14 ms. Found 3 JPA repository interfaces.
2024-12-12T14:36:44.726+01:00  INFO 40671 --- [ClinicaVeterinaria] [           main] com.zaxxer.hikari.HikariDataSource       : HikariPool-3 - Starting...
2024-12-12T14:36:44.730+01:00  INFO 40671 --- [ClinicaVeterinaria] [           main] com.zaxxer.hikari.pool.HikariPool        : HikariPool-3 - Added connection conn20: url=jdbc:h2:mem:list user=SA
2024-12-12T14:36:44.730+01:00  INFO 40671 --- [ClinicaVeterinaria] [           main] com.zaxxer.hikari.HikariDataSource       : HikariPool-3 - Start completed.
2024-12-12T14:36:44.737+01:00  INFO 40671 --- [ClinicaVeterinaria] [           main] o.hibernate.jpa.internal.util.LogHelper  : HHH000204: Processing PersistenceUnitInfo [name: default]
2024-12-12T14:36:44.740+01:00  INFO 40671 --- [ClinicaVeterinaria] [           main] o.h.c.internal.RegionFactoryInitiator    : HHH000026: Second-level cache disabled
2024-12-12T14:36:44.753+01:00  INFO 40671 --- [ClinicaVeterinaria] [           main] o.s.o.j.p.SpringPersistenceUnitInfo      : No LoadTimeWeaver setup: ignoring JPA class transformer
2024-12-12T14:36:44.755+01:00  INFO 40671 --- [ClinicaVeterinaria] [           main] org.hibernate.orm.connections.pooling    : HHH10001005: Database info:
	Database JDBC URL [Connecting through datasource 'HikariDataSource (HikariPool-3)']
	Database driver: undefined/unknown
	Database version: 2.3.232
	Autocommit mode: undefined/unknown
	Isolation level: undefined/unknown
	Minimum pool size: undefined/unknown
	Maximum pool size: undefined/unknown
2024-12-12T14:36:44.905+01:00  INFO 40671 --- [ClinicaVeterinaria] [           main] o.h.e.t.j.p.i.JtaPlatformInitiator       : HHH000489: No JTA platform available (set 'hibernate.transaction.jta.platform' to enable JTA platform integration)
Hibernate: 
    drop table if exists appointment cascade 
Hibernate: 
    drop table if exists guardian cascade 
Hibernate: 
    drop table if exists pet cascade 
Hibernate: 
    create table appointment (
        pet_id integer,
        id_appointment bigint generated by default as identity,
        date varchar(255),
        reason varchar(255),
        time varchar(255),
        primary key (id_appointment)
    )
Hibernate: 
    create table guardian (
        id_guardian integer generated by default as identity,
        address varchar(255),
        email varchar(255),
        name varchar(255),
        phone varchar(255),
        primary key (id_guardian)
    )
Hibernate: 
    create table pet (
        age integer,
        guardian_id integer,
        id_pet integer generated by default as identity,
        breed varchar(255),
        name varchar(255),
        specie varchar(255),
        primary key (id_pet)
    )
Hibernate: 
    alter table if exists appointment 
       add constraint FK8y0it8yrd322ps2jklm5f8e07 
       foreign key (pet_id) 
       references pet
Hibernate: 
    alter table if exists pet 
       add constraint FKa8815najxp50op149j4yg6hhd 
       foreign key (guardian_id) 
       references guardian
2024-12-12T14:36:44.921+01:00  INFO 40671 --- [ClinicaVeterinaria] [           main] j.LocalContainerEntityManagerFactoryBean : Initialized JPA EntityManagerFactory for persistence unit 'default'
2024-12-12T14:36:45.095+01:00  WARN 40671 --- [ClinicaVeterinaria] [           main] JpaBaseConfiguration$JpaWebConfiguration : spring.jpa.open-in-view is enabled by default. Therefore, database queries may be performed during view rendering. Explicitly configure spring.jpa.open-in-view to disable this warning
2024-12-12T14:36:45.252+01:00  INFO 40671 --- [ClinicaVeterinaria] [           main] o.s.b.a.h2.H2ConsoleAutoConfiguration    : H2 console available at '/h2-console'. Database available at 'jdbc:h2:mem:list'
2024-12-12T14:36:45.280+01:00  INFO 40671 --- [ClinicaVeterinaria] [           main] o.s.b.t.m.w.SpringBootMockServletContext : Initializing Spring TestDispatcherServlet ''
2024-12-12T14:36:45.280+01:00  INFO 40671 --- [ClinicaVeterinaria] [           main] o.s.t.web.servlet.TestDispatcherServlet  : Initializing Servlet ''
2024-12-12T14:36:45.281+01:00  INFO 40671 --- [ClinicaVeterinaria] [           main] o.s.t.web.servlet.TestDispatcherServlet  : Completed initialization in 1 ms
2024-12-12T14:36:45.292+01:00  INFO 40671 --- [ClinicaVeterinaria] [           main] o.e.controllers.GuardianControllerTest   : Started GuardianControllerTest in 1.037 seconds (process running for 14.074)
Hibernate: 
    insert 
    into
        guardian
        (address, email, name, phone, id_guardian) 
    values
        (?, ?, ?, ?, default)
Hibernate: 
    select
        g1_0.id_guardian,
        g1_0.address,
        g1_0.email,
        g1_0.name,
        g1_0.phone 
    from
        guardian g1_0 
    where
        g1_0.id_guardian=?
Hibernate: 
    select
        p1_0.guardian_id,
        p1_0.id_pet,
        p1_0.age,
        p1_0.breed,
        p1_0.name,
        p1_0.specie 
    from
        pet p1_0 
    where
        p1_0.guardian_id=?
Hibernate: 
    delete 
    from
        guardian 
    where
        id_guardian=?
Hibernate: 
    select
        count(*) 
    from
        guardian g1_0
2024-12-12T14:36:45.463+01:00  INFO 40671 --- [ClinicaVeterinaria] [           main] j.LocalContainerEntityManagerFactoryBean : Closing JPA EntityManagerFactory for persistence unit 'default'
Hibernate: 
    drop table if exists appointment cascade 
Hibernate: 
    drop table if exists guardian cascade 
Hibernate: 
    drop table if exists pet cascade 
2024-12-12T14:36:45.468+01:00  INFO 40671 --- [ClinicaVeterinaria] [           main] com.zaxxer.hikari.HikariDataSource       : HikariPool-3 - Shutdown initiated...
2024-12-12T14:36:45.470+01:00  INFO 40671 --- [ClinicaVeterinaria] [           main] com.zaxxer.hikari.HikariDataSource       : HikariPool-3 - Shutdown completed.
]]></system-out>
  </testcase>
  <testcase name="givenValidGuardianId_whenGetRequestIsMade_thenReturnSuccess" classname="org.example.controllers.GuardianControllerTest" time="0.051">
    <system-out><![CDATA[2024-12-12T14:36:45.475+01:00  INFO 40671 --- [ClinicaVeterinaria] [           main] o.s.b.d.r.RestartApplicationListener     : Restart disabled due to context in which it is running

  .   ____          _            __ _ _
 /\\ / ___'_ __ _ _(_)_ __  __ _ \ \ \ \
( ( )\___ | '_ | '_| | '_ \/ _` | \ \ \ \
 \\/  ___)| |_)| | | | | || (_| |  ) ) ) )
  '  |____| .__|_| |_|_| |_\__, | / / / /
 =========|_|==============|___/=/_/_/_/

 :: Spring Boot ::                (v3.4.0)

2024-12-12T14:36:45.512+01:00  INFO 40671 --- [ClinicaVeterinaria] [           main] o.e.controllers.GuardianControllerTest   : Starting GuardianControllerTest using Java 21.0.5 with PID 40671 (started by lay in /home/lay/Documentos/DesarrolloWeb/bootcamp/springboot/ClinicaVeterinaria)
2024-12-12T14:36:45.513+01:00  INFO 40671 --- [ClinicaVeterinaria] [           main] o.e.controllers.GuardianControllerTest   : The following 1 profile is active: "test"
2024-12-12T14:36:45.729+01:00  INFO 40671 --- [ClinicaVeterinaria] [           main] .s.d.r.c.RepositoryConfigurationDelegate : Bootstrapping Spring Data JPA repositories in DEFAULT mode.
2024-12-12T14:36:45.741+01:00  INFO 40671 --- [ClinicaVeterinaria] [           main] .s.d.r.c.RepositoryConfigurationDelegate : Finished Spring Data repository scanning in 10 ms. Found 3 JPA repository interfaces.
2024-12-12T14:36:45.866+01:00  INFO 40671 --- [ClinicaVeterinaria] [           main] com.zaxxer.hikari.HikariDataSource       : HikariPool-4 - Starting...
2024-12-12T14:36:45.871+01:00  INFO 40671 --- [ClinicaVeterinaria] [           main] com.zaxxer.hikari.pool.HikariPool        : HikariPool-4 - Added connection conn30: url=jdbc:h2:mem:list user=SA
2024-12-12T14:36:45.872+01:00  INFO 40671 --- [ClinicaVeterinaria] [           main] com.zaxxer.hikari.HikariDataSource       : HikariPool-4 - Start completed.
2024-12-12T14:36:45.886+01:00  INFO 40671 --- [ClinicaVeterinaria] [           main] o.hibernate.jpa.internal.util.LogHelper  : HHH000204: Processing PersistenceUnitInfo [name: default]
2024-12-12T14:36:45.889+01:00  INFO 40671 --- [ClinicaVeterinaria] [           main] o.h.c.internal.RegionFactoryInitiator    : HHH000026: Second-level cache disabled
2024-12-12T14:36:45.900+01:00  INFO 40671 --- [ClinicaVeterinaria] [           main] o.s.o.j.p.SpringPersistenceUnitInfo      : No LoadTimeWeaver setup: ignoring JPA class transformer
2024-12-12T14:36:45.903+01:00  INFO 40671 --- [ClinicaVeterinaria] [           main] org.hibernate.orm.connections.pooling    : HHH10001005: Database info:
	Database JDBC URL [Connecting through datasource 'HikariDataSource (HikariPool-4)']
	Database driver: undefined/unknown
	Database version: 2.3.232
	Autocommit mode: undefined/unknown
	Isolation level: undefined/unknown
	Minimum pool size: undefined/unknown
	Maximum pool size: undefined/unknown
2024-12-12T14:36:46.029+01:00  INFO 40671 --- [ClinicaVeterinaria] [           main] o.h.e.t.j.p.i.JtaPlatformInitiator       : HHH000489: No JTA platform available (set 'hibernate.transaction.jta.platform' to enable JTA platform integration)
Hibernate: 
    drop table if exists appointment cascade 
Hibernate: 
    drop table if exists guardian cascade 
Hibernate: 
    drop table if exists pet cascade 
Hibernate: 
    create table appointment (
        pet_id integer,
        id_appointment bigint generated by default as identity,
        date varchar(255),
        reason varchar(255),
        time varchar(255),
        primary key (id_appointment)
    )
Hibernate: 
    create table guardian (
        id_guardian integer generated by default as identity,
        address varchar(255),
        email varchar(255),
        name varchar(255),
        phone varchar(255),
        primary key (id_guardian)
    )
Hibernate: 
    create table pet (
        age integer,
        guardian_id integer,
        id_pet integer generated by default as identity,
        breed varchar(255),
        name varchar(255),
        specie varchar(255),
        primary key (id_pet)
    )
Hibernate: 
    alter table if exists appointment 
       add constraint FK8y0it8yrd322ps2jklm5f8e07 
       foreign key (pet_id) 
       references pet
Hibernate: 
    alter table if exists pet 
       add constraint FKa8815najxp50op149j4yg6hhd 
       foreign key (guardian_id) 
       references guardian
2024-12-12T14:36:46.041+01:00  INFO 40671 --- [ClinicaVeterinaria] [           main] j.LocalContainerEntityManagerFactoryBean : Initialized JPA EntityManagerFactory for persistence unit 'default'
2024-12-12T14:36:46.169+01:00  WARN 40671 --- [ClinicaVeterinaria] [           main] JpaBaseConfiguration$JpaWebConfiguration : spring.jpa.open-in-view is enabled by default. Therefore, database queries may be performed during view rendering. Explicitly configure spring.jpa.open-in-view to disable this warning
2024-12-12T14:36:46.292+01:00  INFO 40671 --- [ClinicaVeterinaria] [           main] o.s.b.a.h2.H2ConsoleAutoConfiguration    : H2 console available at '/h2-console'. Database available at 'jdbc:h2:mem:list'
2024-12-12T14:36:46.325+01:00  INFO 40671 --- [ClinicaVeterinaria] [           main] o.s.b.t.m.w.SpringBootMockServletContext : Initializing Spring TestDispatcherServlet ''
2024-12-12T14:36:46.326+01:00  INFO 40671 --- [ClinicaVeterinaria] [           main] o.s.t.web.servlet.TestDispatcherServlet  : Initializing Servlet ''
2024-12-12T14:36:46.328+01:00  INFO 40671 --- [ClinicaVeterinaria] [           main] o.s.t.web.servlet.TestDispatcherServlet  : Completed initialization in 2 ms
2024-12-12T14:36:46.340+01:00  INFO 40671 --- [ClinicaVeterinaria] [           main] o.e.controllers.GuardianControllerTest   : Started GuardianControllerTest in 0.864 seconds (process running for 15.121)
Hibernate: 
    insert 
    into
        guardian
        (address, email, name, phone, id_guardian) 
    values
        (?, ?, ?, ?, default)
Hibernate: 
    select
        g1_0.id_guardian,
        g1_0.address,
        g1_0.email,
        g1_0.name,
        g1_0.phone 
    from
        guardian g1_0 
    where
        g1_0.id_guardian=?
Hibernate: 
    select
        p1_0.guardian_id,
        p1_0.id_pet,
        p1_0.age,
        p1_0.breed,
        p1_0.name,
        p1_0.specie 
    from
        pet p1_0 
    where
        p1_0.guardian_id=?
2024-12-12T14:36:46.390+01:00  INFO 40671 --- [ClinicaVeterinaria] [           main] j.LocalContainerEntityManagerFactoryBean : Closing JPA EntityManagerFactory for persistence unit 'default'
Hibernate: 
    drop table if exists appointment cascade 
Hibernate: 
    drop table if exists guardian cascade 
Hibernate: 
    drop table if exists pet cascade 
2024-12-12T14:36:46.395+01:00  INFO 40671 --- [ClinicaVeterinaria] [           main] com.zaxxer.hikari.HikariDataSource       : HikariPool-4 - Shutdown initiated...
2024-12-12T14:36:46.396+01:00  INFO 40671 --- [ClinicaVeterinaria] [           main] com.zaxxer.hikari.HikariDataSource       : HikariPool-4 - Shutdown completed.
]]></system-out>
  </testcase>
  <testcase name="givenValidGuardianName_whenGetRequestIsMade_thenReturnSuccess" classname="org.example.controllers.GuardianControllerTest" time="0.082">
    <system-out><![CDATA[2024-12-12T14:36:46.402+01:00  INFO 40671 --- [ClinicaVeterinaria] [           main] o.s.b.d.r.RestartApplicationListener     : Restart disabled due to context in which it is running

  .   ____          _            __ _ _
 /\\ / ___'_ __ _ _(_)_ __  __ _ \ \ \ \
( ( )\___ | '_ | '_| | '_ \/ _` | \ \ \ \
 \\/  ___)| |_)| | | | | || (_| |  ) ) ) )
  '  |____| .__|_| |_|_| |_\__, | / / / /
 =========|_|==============|___/=/_/_/_/

 :: Spring Boot ::                (v3.4.0)

2024-12-12T14:36:46.438+01:00  INFO 40671 --- [ClinicaVeterinaria] [           main] o.e.controllers.GuardianControllerTest   : Starting GuardianControllerTest using Java 21.0.5 with PID 40671 (started by lay in /home/lay/Documentos/DesarrolloWeb/bootcamp/springboot/ClinicaVeterinaria)
2024-12-12T14:36:46.438+01:00  INFO 40671 --- [ClinicaVeterinaria] [           main] o.e.controllers.GuardianControllerTest   : The following 1 profile is active: "test"
2024-12-12T14:36:46.716+01:00  INFO 40671 --- [ClinicaVeterinaria] [           main] .s.d.r.c.RepositoryConfigurationDelegate : Bootstrapping Spring Data JPA repositories in DEFAULT mode.
2024-12-12T14:36:46.735+01:00  INFO 40671 --- [ClinicaVeterinaria] [           main] .s.d.r.c.RepositoryConfigurationDelegate : Finished Spring Data repository scanning in 17 ms. Found 3 JPA repository interfaces.
2024-12-12T14:36:46.847+01:00  INFO 40671 --- [ClinicaVeterinaria] [           main] com.zaxxer.hikari.HikariDataSource       : HikariPool-5 - Starting...
2024-12-12T14:36:46.852+01:00  INFO 40671 --- [ClinicaVeterinaria] [           main] com.zaxxer.hikari.pool.HikariPool        : HikariPool-5 - Added connection conn40: url=jdbc:h2:mem:list user=SA
2024-12-12T14:36:46.852+01:00  INFO 40671 --- [ClinicaVeterinaria] [           main] com.zaxxer.hikari.HikariDataSource       : HikariPool-5 - Start completed.
2024-12-12T14:36:46.861+01:00  INFO 40671 --- [ClinicaVeterinaria] [           main] o.hibernate.jpa.internal.util.LogHelper  : HHH000204: Processing PersistenceUnitInfo [name: default]
2024-12-12T14:36:46.866+01:00  INFO 40671 --- [ClinicaVeterinaria] [           main] o.h.c.internal.RegionFactoryInitiator    : HHH000026: Second-level cache disabled
2024-12-12T14:36:46.880+01:00  INFO 40671 --- [ClinicaVeterinaria] [           main] o.s.o.j.p.SpringPersistenceUnitInfo      : No LoadTimeWeaver setup: ignoring JPA class transformer
2024-12-12T14:36:46.882+01:00  INFO 40671 --- [ClinicaVeterinaria] [           main] org.hibernate.orm.connections.pooling    : HHH10001005: Database info:
	Database JDBC URL [Connecting through datasource 'HikariDataSource (HikariPool-5)']
	Database driver: undefined/unknown
	Database version: 2.3.232
	Autocommit mode: undefined/unknown
	Isolation level: undefined/unknown
	Minimum pool size: undefined/unknown
	Maximum pool size: undefined/unknown
2024-12-12T14:36:47.011+01:00  INFO 40671 --- [ClinicaVeterinaria] [           main] o.h.e.t.j.p.i.JtaPlatformInitiator       : HHH000489: No JTA platform available (set 'hibernate.transaction.jta.platform' to enable JTA platform integration)
Hibernate: 
    drop table if exists appointment cascade 
Hibernate: 
    drop table if exists guardian cascade 
Hibernate: 
    drop table if exists pet cascade 
Hibernate: 
    create table appointment (
        pet_id integer,
        id_appointment bigint generated by default as identity,
        date varchar(255),
        reason varchar(255),
        time varchar(255),
        primary key (id_appointment)
    )
Hibernate: 
    create table guardian (
        id_guardian integer generated by default as identity,
        address varchar(255),
        email varchar(255),
        name varchar(255),
        phone varchar(255),
        primary key (id_guardian)
    )
Hibernate: 
    create table pet (
        age integer,
        guardian_id integer,
        id_pet integer generated by default as identity,
        breed varchar(255),
        name varchar(255),
        specie varchar(255),
        primary key (id_pet)
    )
Hibernate: 
    alter table if exists appointment 
       add constraint FK8y0it8yrd322ps2jklm5f8e07 
       foreign key (pet_id) 
       references pet
Hibernate: 
    alter table if exists pet 
       add constraint FKa8815najxp50op149j4yg6hhd 
       foreign key (guardian_id) 
       references guardian
2024-12-12T14:36:47.025+01:00  INFO 40671 --- [ClinicaVeterinaria] [           main] j.LocalContainerEntityManagerFactoryBean : Initialized JPA EntityManagerFactory for persistence unit 'default'
2024-12-12T14:36:47.151+01:00  WARN 40671 --- [ClinicaVeterinaria] [           main] JpaBaseConfiguration$JpaWebConfiguration : spring.jpa.open-in-view is enabled by default. Therefore, database queries may be performed during view rendering. Explicitly configure spring.jpa.open-in-view to disable this warning
2024-12-12T14:36:47.270+01:00  INFO 40671 --- [ClinicaVeterinaria] [           main] o.s.b.a.h2.H2ConsoleAutoConfiguration    : H2 console available at '/h2-console'. Database available at 'jdbc:h2:mem:list'
2024-12-12T14:36:47.296+01:00  INFO 40671 --- [ClinicaVeterinaria] [           main] o.s.b.t.m.w.SpringBootMockServletContext : Initializing Spring TestDispatcherServlet ''
2024-12-12T14:36:47.296+01:00  INFO 40671 --- [ClinicaVeterinaria] [           main] o.s.t.web.servlet.TestDispatcherServlet  : Initializing Servlet ''
2024-12-12T14:36:47.297+01:00  INFO 40671 --- [ClinicaVeterinaria] [           main] o.s.t.web.servlet.TestDispatcherServlet  : Completed initialization in 1 ms
2024-12-12T14:36:47.314+01:00  INFO 40671 --- [ClinicaVeterinaria] [           main] o.e.controllers.GuardianControllerTest   : Started GuardianControllerTest in 0.913 seconds (process running for 16.096)
Hibernate: 
    insert 
    into
        guardian
        (address, email, name, phone, id_guardian) 
    values
        (?, ?, ?, ?, default)
Hibernate: 
    select
        g1_0.id_guardian,
        g1_0.address,
        g1_0.email,
        g1_0.name,
        g1_0.phone 
    from
        guardian g1_0 
    where
        lower(g1_0.name) like lower(('%'||?||'%')) escape ''
Hibernate: 
    select
        p1_0.guardian_id,
        p1_0.id_pet,
        p1_0.age,
        p1_0.breed,
        p1_0.name,
        p1_0.specie 
    from
        pet p1_0 
    where
        p1_0.guardian_id=?
2024-12-12T14:36:47.396+01:00  INFO 40671 --- [ClinicaVeterinaria] [           main] j.LocalContainerEntityManagerFactoryBean : Closing JPA EntityManagerFactory for persistence unit 'default'
Hibernate: 
    drop table if exists appointment cascade 
Hibernate: 
    drop table if exists guardian cascade 
Hibernate: 
    drop table if exists pet cascade 
2024-12-12T14:36:47.400+01:00  INFO 40671 --- [ClinicaVeterinaria] [           main] com.zaxxer.hikari.HikariDataSource       : HikariPool-5 - Shutdown initiated...
2024-12-12T14:36:47.402+01:00  INFO 40671 --- [ClinicaVeterinaria] [           main] com.zaxxer.hikari.HikariDataSource       : HikariPool-5 - Shutdown completed.
]]></system-out>
  </testcase>
  <testcase name="givenValidGuardianIdAndValidGuardian_whenPutRequestIsMade_thenReturnSuccess" classname="org.example.controllers.GuardianControllerTest" time="0.071">
    <system-out><![CDATA[2024-12-12T14:36:47.408+01:00  INFO 40671 --- [ClinicaVeterinaria] [           main] o.s.b.d.r.RestartApplicationListener     : Restart disabled due to context in which it is running

  .   ____          _            __ _ _
 /\\ / ___'_ __ _ _(_)_ __  __ _ \ \ \ \
( ( )\___ | '_ | '_| | '_ \/ _` | \ \ \ \
 \\/  ___)| |_)| | | | | || (_| |  ) ) ) )
  '  |____| .__|_| |_|_| |_\__, | / / / /
 =========|_|==============|___/=/_/_/_/

 :: Spring Boot ::                (v3.4.0)

2024-12-12T14:36:47.446+01:00  INFO 40671 --- [ClinicaVeterinaria] [           main] o.e.controllers.GuardianControllerTest   : Starting GuardianControllerTest using Java 21.0.5 with PID 40671 (started by lay in /home/lay/Documentos/DesarrolloWeb/bootcamp/springboot/ClinicaVeterinaria)
2024-12-12T14:36:47.446+01:00  INFO 40671 --- [ClinicaVeterinaria] [           main] o.e.controllers.GuardianControllerTest   : The following 1 profile is active: "test"
2024-12-12T14:36:47.683+01:00  INFO 40671 --- [ClinicaVeterinaria] [           main] .s.d.r.c.RepositoryConfigurationDelegate : Bootstrapping Spring Data JPA repositories in DEFAULT mode.
2024-12-12T14:36:47.694+01:00  INFO 40671 --- [ClinicaVeterinaria] [           main] .s.d.r.c.RepositoryConfigurationDelegate : Finished Spring Data repository scanning in 8 ms. Found 3 JPA repository interfaces.
2024-12-12T14:36:47.808+01:00  INFO 40671 --- [ClinicaVeterinaria] [           main] com.zaxxer.hikari.HikariDataSource       : HikariPool-6 - Starting...
2024-12-12T14:36:47.810+01:00  INFO 40671 --- [ClinicaVeterinaria] [           main] com.zaxxer.hikari.pool.HikariPool        : HikariPool-6 - Added connection conn50: url=jdbc:h2:mem:list user=SA
2024-12-12T14:36:47.811+01:00  INFO 40671 --- [ClinicaVeterinaria] [           main] com.zaxxer.hikari.HikariDataSource       : HikariPool-6 - Start completed.
2024-12-12T14:36:47.816+01:00  INFO 40671 --- [ClinicaVeterinaria] [           main] o.hibernate.jpa.internal.util.LogHelper  : HHH000204: Processing PersistenceUnitInfo [name: default]
2024-12-12T14:36:47.819+01:00  INFO 40671 --- [ClinicaVeterinaria] [           main] o.h.c.internal.RegionFactoryInitiator    : HHH000026: Second-level cache disabled
2024-12-12T14:36:47.835+01:00  INFO 40671 --- [ClinicaVeterinaria] [           main] o.s.o.j.p.SpringPersistenceUnitInfo      : No LoadTimeWeaver setup: ignoring JPA class transformer
2024-12-12T14:36:47.837+01:00  INFO 40671 --- [ClinicaVeterinaria] [           main] org.hibernate.orm.connections.pooling    : HHH10001005: Database info:
	Database JDBC URL [Connecting through datasource 'HikariDataSource (HikariPool-6)']
	Database driver: undefined/unknown
	Database version: 2.3.232
	Autocommit mode: undefined/unknown
	Isolation level: undefined/unknown
	Minimum pool size: undefined/unknown
	Maximum pool size: undefined/unknown
2024-12-12T14:36:47.983+01:00  INFO 40671 --- [ClinicaVeterinaria] [           main] o.h.e.t.j.p.i.JtaPlatformInitiator       : HHH000489: No JTA platform available (set 'hibernate.transaction.jta.platform' to enable JTA platform integration)
Hibernate: 
    drop table if exists appointment cascade 
Hibernate: 
    drop table if exists guardian cascade 
Hibernate: 
    drop table if exists pet cascade 
Hibernate: 
    create table appointment (
        pet_id integer,
        id_appointment bigint generated by default as identity,
        date varchar(255),
        reason varchar(255),
        time varchar(255),
        primary key (id_appointment)
    )
Hibernate: 
    create table guardian (
        id_guardian integer generated by default as identity,
        address varchar(255),
        email varchar(255),
        name varchar(255),
        phone varchar(255),
        primary key (id_guardian)
    )
Hibernate: 
    create table pet (
        age integer,
        guardian_id integer,
        id_pet integer generated by default as identity,
        breed varchar(255),
        name varchar(255),
        specie varchar(255),
        primary key (id_pet)
    )
Hibernate: 
    alter table if exists appointment 
       add constraint FK8y0it8yrd322ps2jklm5f8e07 
       foreign key (pet_id) 
       references pet
Hibernate: 
    alter table if exists pet 
       add constraint FKa8815najxp50op149j4yg6hhd 
       foreign key (guardian_id) 
       references guardian
2024-12-12T14:36:47.998+01:00  INFO 40671 --- [ClinicaVeterinaria] [           main] j.LocalContainerEntityManagerFactoryBean : Initialized JPA EntityManagerFactory for persistence unit 'default'
2024-12-12T14:36:48.137+01:00  WARN 40671 --- [ClinicaVeterinaria] [           main] JpaBaseConfiguration$JpaWebConfiguration : spring.jpa.open-in-view is enabled by default. Therefore, database queries may be performed during view rendering. Explicitly configure spring.jpa.open-in-view to disable this warning
2024-12-12T14:36:48.281+01:00  INFO 40671 --- [ClinicaVeterinaria] [           main] o.s.b.a.h2.H2ConsoleAutoConfiguration    : H2 console available at '/h2-console'. Database available at 'jdbc:h2:mem:list'
2024-12-12T14:36:48.307+01:00  INFO 40671 --- [ClinicaVeterinaria] [           main] o.s.b.t.m.w.SpringBootMockServletContext : Initializing Spring TestDispatcherServlet ''
2024-12-12T14:36:48.308+01:00  INFO 40671 --- [ClinicaVeterinaria] [           main] o.s.t.web.servlet.TestDispatcherServlet  : Initializing Servlet ''
2024-12-12T14:36:48.309+01:00  INFO 40671 --- [ClinicaVeterinaria] [           main] o.s.t.web.servlet.TestDispatcherServlet  : Completed initialization in 1 ms
2024-12-12T14:36:48.321+01:00  INFO 40671 --- [ClinicaVeterinaria] [           main] o.e.controllers.GuardianControllerTest   : Started GuardianControllerTest in 0.914 seconds (process running for 17.103)
Hibernate: 
    insert 
    into
        guardian
        (address, email, name, phone, id_guardian) 
    values
        (?, ?, ?, ?, default)
Hibernate: 
    select
        g1_0.id_guardian,
        g1_0.address,
        g1_0.email,
        g1_0.name,
        g1_0.phone 
    from
        guardian g1_0 
    where
        g1_0.id_guardian=?
Hibernate: 
    update
        guardian 
    set
        address=?,
        email=?,
        name=?,
        phone=? 
    where
        id_guardian=?
Hibernate: 
    select
        p1_0.guardian_id,
        p1_0.id_pet,
        p1_0.age,
        p1_0.breed,
        p1_0.name,
        p1_0.specie 
    from
        pet p1_0 
    where
        p1_0.guardian_id=?
2024-12-12T14:36:48.387+01:00  INFO 40671 --- [ClinicaVeterinaria] [           main] j.LocalContainerEntityManagerFactoryBean : Closing JPA EntityManagerFactory for persistence unit 'default'
Hibernate: 
    drop table if exists appointment cascade 
Hibernate: 
    drop table if exists guardian cascade 
Hibernate: 
    drop table if exists pet cascade 
2024-12-12T14:36:48.392+01:00  INFO 40671 --- [ClinicaVeterinaria] [           main] com.zaxxer.hikari.HikariDataSource       : HikariPool-6 - Shutdown initiated...
2024-12-12T14:36:48.394+01:00  INFO 40671 --- [ClinicaVeterinaria] [           main] com.zaxxer.hikari.HikariDataSource       : HikariPool-6 - Shutdown completed.
]]></system-out>
  </testcase>
</testsuite>