<?xml version="1.0" encoding="UTF-8"?>
<testsuite xmlns:xsi="http://www.w3.org/2001/XMLSchema-instance" xsi:noNamespaceSchemaLocation="https://maven.apache.org/surefire/maven-surefire-plugin/xsd/surefire-test-report.xsd" version="3.0.2" name="org.example.controllers.AppointmentControllerTest" time="2.815" tests="5" errors="0" skipped="0" failures="0">
  <properties>
[...]
</properties>
  <testcase name="givenAppointmentById_whenDelete_theReturnSuccess" classname="org.example.controllers.AppointmentControllerTest" time="0.041">
    <system-out><![CDATA[2024-12-12T14:47:14.779+01:00  INFO 42147 --- [ClinicaVeterinaria] [           main] t.c.s.AnnotationConfigContextLoaderUtils : Could not detect default configuration classes for test class [org.example.controllers.AppointmentControllerTest]: AppointmentControllerTest does not declare any static, non-private, non-final, nested classes annotated with @Configuration.
2024-12-12T14:47:14.781+01:00  INFO 42147 --- [ClinicaVeterinaria] [           main] .b.t.c.SpringBootTestContextBootstrapper : Found @SpringBootConfiguration org.example.ClinicaVeterinariaApplication for test class org.example.controllers.AppointmentControllerTest
2024-12-12T14:47:14.785+01:00  INFO 42147 --- [ClinicaVeterinaria] [           main] o.s.b.d.r.RestartApplicationListener     : Restart disabled due to context in which it is running

  .   ____          _            __ _ _
 /\\ / ___'_ __ _ _(_)_ __  __ _ \ \ \ \
( ( )\___ | '_ | '_| | '_ \/ _` | \ \ \ \
 \\/  ___)| |_)| | | | | || (_| |  ) ) ) )
  '  |____| .__|_| |_|_| |_\__, | / / / /
 =========|_|==============|___/=/_/_/_/

 :: Spring Boot ::                (v3.4.0)

2024-12-12T14:47:14.816+01:00  INFO 42147 --- [ClinicaVeterinaria] [           main] o.e.c.AppointmentControllerTest          : Starting AppointmentControllerTest using Java 21.0.5 with PID 42147 (started by lay in /home/lay/Documentos/DesarrolloWeb/bootcamp/springboot/ClinicaVeterinaria)
2024-12-12T14:47:14.816+01:00  INFO 42147 --- [ClinicaVeterinaria] [           main] o.e.c.AppointmentControllerTest          : The following 1 profile is active: "test"
2024-12-12T14:47:14.933+01:00  INFO 42147 --- [ClinicaVeterinaria] [           main] .s.d.r.c.RepositoryConfigurationDelegate : Bootstrapping Spring Data JPA repositories in DEFAULT mode.
2024-12-12T14:47:14.941+01:00  INFO 42147 --- [ClinicaVeterinaria] [           main] .s.d.r.c.RepositoryConfigurationDelegate : Finished Spring Data repository scanning in 7 ms. Found 3 JPA repository interfaces.
2024-12-12T14:47:15.024+01:00  INFO 42147 --- [ClinicaVeterinaria] [           main] com.zaxxer.hikari.HikariDataSource       : HikariPool-7 - Starting...
2024-12-12T14:47:15.026+01:00  INFO 42147 --- [ClinicaVeterinaria] [           main] com.zaxxer.hikari.pool.HikariPool        : HikariPool-7 - Added connection conn56: url=jdbc:h2:mem:list user=SA
2024-12-12T14:47:15.027+01:00  INFO 42147 --- [ClinicaVeterinaria] [           main] com.zaxxer.hikari.HikariDataSource       : HikariPool-7 - Start completed.
2024-12-12T14:47:15.032+01:00  INFO 42147 --- [ClinicaVeterinaria] [           main] o.hibernate.jpa.internal.util.LogHelper  : HHH000204: Processing PersistenceUnitInfo [name: default]
2024-12-12T14:47:15.035+01:00  INFO 42147 --- [ClinicaVeterinaria] [           main] o.h.c.internal.RegionFactoryInitiator    : HHH000026: Second-level cache disabled
2024-12-12T14:47:15.046+01:00  INFO 42147 --- [ClinicaVeterinaria] [           main] o.s.o.j.p.SpringPersistenceUnitInfo      : No LoadTimeWeaver setup: ignoring JPA class transformer
2024-12-12T14:47:15.049+01:00  INFO 42147 --- [ClinicaVeterinaria] [           main] org.hibernate.orm.connections.pooling    : HHH10001005: Database info:
	Database JDBC URL [Connecting through datasource 'HikariDataSource (HikariPool-7)']
	Database driver: undefined/unknown
	Database version: 2.3.232
	Autocommit mode: undefined/unknown
	Isolation level: undefined/unknown
	Minimum pool size: undefined/unknown
	Maximum pool size: undefined/unknown
2024-12-12T14:47:15.154+01:00  INFO 42147 --- [ClinicaVeterinaria] [           main] o.h.e.t.j.p.i.JtaPlatformInitiator       : HHH000489: No JTA platform available (set 'hibernate.transaction.jta.platform' to enable JTA platform integration)
Hibernate: 
    drop table if exists appointment cascade 
Hibernate: 
    drop table if exists guardian cascade 
Hibernate: 
    drop table if exists pet cascade 
Hibernate: 
    create table appointment (
        pet_id integer,
        id_appointment bigint generated by default as identity,
        date varchar(255),
        reason varchar(255),
        time varchar(255),
        primary key (id_appointment)
    )
Hibernate: 
    create table guardian (
        id_guardian integer generated by default as identity,
        address varchar(255),
        email varchar(255),
        name varchar(255),
        phone varchar(255),
        primary key (id_guardian)
    )
Hibernate: 
    create table pet (
        age integer,
        guardian_id integer,
        id_pet integer generated by default as identity,
        breed varchar(255),
        name varchar(255),
        specie varchar(255),
        primary key (id_pet)
    )
Hibernate: 
    alter table if exists appointment 
       add constraint FK8y0it8yrd322ps2jklm5f8e07 
       foreign key (pet_id) 
       references pet
Hibernate: 
    alter table if exists pet 
       add constraint FKa8815najxp50op149j4yg6hhd 
       foreign key (guardian_id) 
       references guardian
2024-12-12T14:47:15.169+01:00  INFO 42147 --- [ClinicaVeterinaria] [           main] j.LocalContainerEntityManagerFactoryBean : Initialized JPA EntityManagerFactory for persistence unit 'default'
2024-12-12T14:47:15.283+01:00  WARN 42147 --- [ClinicaVeterinaria] [           main] JpaBaseConfiguration$JpaWebConfiguration : spring.jpa.open-in-view is enabled by default. Therefore, database queries may be performed during view rendering. Explicitly configure spring.jpa.open-in-view to disable this warning
2024-12-12T14:47:15.390+01:00  INFO 42147 --- [ClinicaVeterinaria] [           main] o.s.b.a.h2.H2ConsoleAutoConfiguration    : H2 console available at '/h2-console'. Database available at 'jdbc:h2:mem:list'
2024-12-12T14:47:15.412+01:00  INFO 42147 --- [ClinicaVeterinaria] [           main] o.s.b.t.m.w.SpringBootMockServletContext : Initializing Spring TestDispatcherServlet ''
2024-12-12T14:47:15.412+01:00  INFO 42147 --- [ClinicaVeterinaria] [           main] o.s.t.web.servlet.TestDispatcherServlet  : Initializing Servlet ''
2024-12-12T14:47:15.413+01:00  INFO 42147 --- [ClinicaVeterinaria] [           main] o.s.t.web.servlet.TestDispatcherServlet  : Completed initialization in 1 ms
2024-12-12T14:47:15.418+01:00  INFO 42147 --- [ClinicaVeterinaria] [           main] o.e.c.AppointmentControllerTest          : Started AppointmentControllerTest in 0.633 seconds (process running for 11.418)
Hibernate: 
    insert 
    into
        guardian
        (address, email, name, phone, id_guardian) 
    values
        (?, ?, ?, ?, default)
Hibernate: 
    insert 
    into
        pet
        (age, breed, guardian_id, name, specie, id_pet) 
    values
        (?, ?, ?, ?, ?, default)
Hibernate: 
    insert 
    into
        appointment
        (date, pet_id, reason, time, id_appointment) 
    values
        (?, ?, ?, ?, default)
Hibernate: 
    select
        count(*) 
    from
        appointment a1_0
Hibernate: 
    select
        a1_0.id_appointment,
        a1_0.date,
        p1_0.id_pet,
        p1_0.age,
        p1_0.breed,
        g1_0.id_guardian,
        g1_0.address,
        g1_0.email,
        g1_0.name,
        g1_0.phone,
        p1_0.name,
        p1_0.specie,
        a1_0.reason,
        a1_0.time 
    from
        appointment a1_0 
    left join
        pet p1_0 
            on p1_0.id_pet=a1_0.pet_id 
    left join
        guardian g1_0 
            on g1_0.id_guardian=p1_0.guardian_id 
    where
        a1_0.id_appointment=?
Hibernate: 
    delete 
    from
        appointment 
    where
        id_appointment=?
Hibernate: 
    select
        count(*) 
    from
        appointment a1_0
2024-12-12T14:47:15.458+01:00  INFO 42147 --- [ClinicaVeterinaria] [           main] j.LocalContainerEntityManagerFactoryBean : Closing JPA EntityManagerFactory for persistence unit 'default'
Hibernate: 
    drop table if exists appointment cascade 
Hibernate: 
    drop table if exists guardian cascade 
Hibernate: 
    drop table if exists pet cascade 
2024-12-12T14:47:15.460+01:00  INFO 42147 --- [ClinicaVeterinaria] [           main] com.zaxxer.hikari.HikariDataSource       : HikariPool-7 - Shutdown initiated...
2024-12-12T14:47:15.460+01:00  INFO 42147 --- [ClinicaVeterinaria] [           main] com.zaxxer.hikari.HikariDataSource       : HikariPool-7 - Shutdown completed.
]]></system-out>
  </testcase>
  <testcase name="givenAValidAppointment_whenPostRequestIsMade_thenReturnSuccess" classname="org.example.controllers.AppointmentControllerTest" time="0.065">
    <system-out><![CDATA[2024-12-12T14:47:15.464+01:00  INFO 42147 --- [ClinicaVeterinaria] [           main] o.s.b.d.r.RestartApplicationListener     : Restart disabled due to context in which it is running

  .   ____          _            __ _ _
 /\\ / ___'_ __ _ _(_)_ __  __ _ \ \ \ \
( ( )\___ | '_ | '_| | '_ \/ _` | \ \ \ \
 \\/  ___)| |_)| | | | | || (_| |  ) ) ) )
  '  |____| .__|_| |_|_| |_\__, | / / / /
 =========|_|==============|___/=/_/_/_/

 :: Spring Boot ::                (v3.4.0)

2024-12-12T14:47:15.489+01:00  INFO 42147 --- [ClinicaVeterinaria] [           main] o.e.c.AppointmentControllerTest          : Starting AppointmentControllerTest using Java 21.0.5 with PID 42147 (started by lay in /home/lay/Documentos/DesarrolloWeb/bootcamp/springboot/ClinicaVeterinaria)
2024-12-12T14:47:15.490+01:00  INFO 42147 --- [ClinicaVeterinaria] [           main] o.e.c.AppointmentControllerTest          : The following 1 profile is active: "test"
2024-12-12T14:47:15.611+01:00  INFO 42147 --- [ClinicaVeterinaria] [           main] .s.d.r.c.RepositoryConfigurationDelegate : Bootstrapping Spring Data JPA repositories in DEFAULT mode.
2024-12-12T14:47:15.619+01:00  INFO 42147 --- [ClinicaVeterinaria] [           main] .s.d.r.c.RepositoryConfigurationDelegate : Finished Spring Data repository scanning in 6 ms. Found 3 JPA repository interfaces.
2024-12-12T14:47:15.675+01:00  INFO 42147 --- [ClinicaVeterinaria] [           main] com.zaxxer.hikari.HikariDataSource       : HikariPool-8 - Starting...
2024-12-12T14:47:15.678+01:00  INFO 42147 --- [ClinicaVeterinaria] [           main] com.zaxxer.hikari.pool.HikariPool        : HikariPool-8 - Added connection conn66: url=jdbc:h2:mem:list user=SA
2024-12-12T14:47:15.678+01:00  INFO 42147 --- [ClinicaVeterinaria] [           main] com.zaxxer.hikari.HikariDataSource       : HikariPool-8 - Start completed.
2024-12-12T14:47:15.683+01:00  INFO 42147 --- [ClinicaVeterinaria] [           main] o.hibernate.jpa.internal.util.LogHelper  : HHH000204: Processing PersistenceUnitInfo [name: default]
2024-12-12T14:47:15.684+01:00  INFO 42147 --- [ClinicaVeterinaria] [           main] o.h.c.internal.RegionFactoryInitiator    : HHH000026: Second-level cache disabled
2024-12-12T14:47:15.691+01:00  INFO 42147 --- [ClinicaVeterinaria] [           main] o.s.o.j.p.SpringPersistenceUnitInfo      : No LoadTimeWeaver setup: ignoring JPA class transformer
2024-12-12T14:47:15.692+01:00  INFO 42147 --- [ClinicaVeterinaria] [           main] org.hibernate.orm.connections.pooling    : HHH10001005: Database info:
	Database JDBC URL [Connecting through datasource 'HikariDataSource (HikariPool-8)']
	Database driver: undefined/unknown
	Database version: 2.3.232
	Autocommit mode: undefined/unknown
	Isolation level: undefined/unknown
	Minimum pool size: undefined/unknown
	Maximum pool size: undefined/unknown
2024-12-12T14:47:15.762+01:00  INFO 42147 --- [ClinicaVeterinaria] [           main] o.h.e.t.j.p.i.JtaPlatformInitiator       : HHH000489: No JTA platform available (set 'hibernate.transaction.jta.platform' to enable JTA platform integration)
Hibernate: 
    drop table if exists appointment cascade 
Hibernate: 
    drop table if exists guardian cascade 
Hibernate: 
    drop table if exists pet cascade 
Hibernate: 
    create table appointment (
        pet_id integer,
        id_appointment bigint generated by default as identity,
        date varchar(255),
        reason varchar(255),
        time varchar(255),
        primary key (id_appointment)
    )
Hibernate: 
    create table guardian (
        id_guardian integer generated by default as identity,
        address varchar(255),
        email varchar(255),
        name varchar(255),
        phone varchar(255),
        primary key (id_guardian)
    )
Hibernate: 
    create table pet (
        age integer,
        guardian_id integer,
        id_pet integer generated by default as identity,
        breed varchar(255),
        name varchar(255),
        specie varchar(255),
        primary key (id_pet)
    )
Hibernate: 
    alter table if exists appointment 
       add constraint FK8y0it8yrd322ps2jklm5f8e07 
       foreign key (pet_id) 
       references pet
Hibernate: 
    alter table if exists pet 
       add constraint FKa8815najxp50op149j4yg6hhd 
       foreign key (guardian_id) 
       references guardian
2024-12-12T14:47:15.769+01:00  INFO 42147 --- [ClinicaVeterinaria] [           main] j.LocalContainerEntityManagerFactoryBean : Initialized JPA EntityManagerFactory for persistence unit 'default'
2024-12-12T14:47:15.843+01:00  WARN 42147 --- [ClinicaVeterinaria] [           main] JpaBaseConfiguration$JpaWebConfiguration : spring.jpa.open-in-view is enabled by default. Therefore, database queries may be performed during view rendering. Explicitly configure spring.jpa.open-in-view to disable this warning
2024-12-12T14:47:15.908+01:00  INFO 42147 --- [ClinicaVeterinaria] [           main] o.s.b.a.h2.H2ConsoleAutoConfiguration    : H2 console available at '/h2-console'. Database available at 'jdbc:h2:mem:list'
2024-12-12T14:47:15.921+01:00  INFO 42147 --- [ClinicaVeterinaria] [           main] o.s.b.t.m.w.SpringBootMockServletContext : Initializing Spring TestDispatcherServlet ''
2024-12-12T14:47:15.921+01:00  INFO 42147 --- [ClinicaVeterinaria] [           main] o.s.t.web.servlet.TestDispatcherServlet  : Initializing Servlet ''
2024-12-12T14:47:15.921+01:00  INFO 42147 --- [ClinicaVeterinaria] [           main] o.s.t.web.servlet.TestDispatcherServlet  : Completed initialization in 0 ms
2024-12-12T14:47:15.929+01:00  INFO 42147 --- [ClinicaVeterinaria] [           main] o.e.c.AppointmentControllerTest          : Started AppointmentControllerTest in 0.465 seconds (process running for 11.929)
Hibernate: 
    insert 
    into
        guardian
        (address, email, name, phone, id_guardian) 
    values
        (?, ?, ?, ?, default)
Hibernate: 
    insert 
    into
        pet
        (age, breed, guardian_id, name, specie, id_pet) 
    values
        (?, ?, ?, ?, ?, default)
Hibernate: 
    select
        p1_0.id_pet,
        p1_0.age,
        p1_0.breed,
        g1_0.id_guardian,
        g1_0.address,
        g1_0.email,
        g1_0.name,
        g1_0.phone,
        p1_0.name,
        p1_0.specie 
    from
        pet p1_0 
    left join
        guardian g1_0 
            on g1_0.id_guardian=p1_0.guardian_id 
    where
        p1_0.id_pet=?
Hibernate: 
    insert 
    into
        appointment
        (date, pet_id, reason, time, id_appointment) 
    values
        (?, ?, ?, ?, default)
2024-12-12T14:47:15.979+01:00  INFO 42147 --- [ClinicaVeterinaria] [           main] j.LocalContainerEntityManagerFactoryBean : Closing JPA EntityManagerFactory for persistence unit 'default'
Hibernate: 
    drop table if exists appointment cascade 
Hibernate: 
    drop table if exists guardian cascade 
Hibernate: 
    drop table if exists pet cascade 
2024-12-12T14:47:15.982+01:00  INFO 42147 --- [ClinicaVeterinaria] [           main] com.zaxxer.hikari.HikariDataSource       : HikariPool-8 - Shutdown initiated...
2024-12-12T14:47:15.995+01:00  INFO 42147 --- [ClinicaVeterinaria] [           main] com.zaxxer.hikari.HikariDataSource       : HikariPool-8 - Shutdown completed.
]]></system-out>
  </testcase>
  <testcase name="givenPatientById_whenUpdate_thenReturnSuccess" classname="org.example.controllers.AppointmentControllerTest" time="0.069">
    <system-out><![CDATA[2024-12-12T14:47:15.998+01:00  INFO 42147 --- [ClinicaVeterinaria] [           main] o.s.b.d.r.RestartApplicationListener     : Restart disabled due to context in which it is running

  .   ____          _            __ _ _
 /\\ / ___'_ __ _ _(_)_ __  __ _ \ \ \ \
( ( )\___ | '_ | '_| | '_ \/ _` | \ \ \ \
 \\/  ___)| |_)| | | | | || (_| |  ) ) ) )
  '  |____| .__|_| |_|_| |_\__, | / / / /
 =========|_|==============|___/=/_/_/_/

 :: Spring Boot ::                (v3.4.0)

2024-12-12T14:47:16.031+01:00  INFO 42147 --- [ClinicaVeterinaria] [           main] o.e.c.AppointmentControllerTest          : Starting AppointmentControllerTest using Java 21.0.5 with PID 42147 (started by lay in /home/lay/Documentos/DesarrolloWeb/bootcamp/springboot/ClinicaVeterinaria)
2024-12-12T14:47:16.031+01:00  INFO 42147 --- [ClinicaVeterinaria] [           main] o.e.c.AppointmentControllerTest          : The following 1 profile is active: "test"
2024-12-12T14:47:16.152+01:00  INFO 42147 --- [ClinicaVeterinaria] [           main] .s.d.r.c.RepositoryConfigurationDelegate : Bootstrapping Spring Data JPA repositories in DEFAULT mode.
2024-12-12T14:47:16.162+01:00  INFO 42147 --- [ClinicaVeterinaria] [           main] .s.d.r.c.RepositoryConfigurationDelegate : Finished Spring Data repository scanning in 8 ms. Found 3 JPA repository interfaces.
2024-12-12T14:47:16.218+01:00  INFO 42147 --- [ClinicaVeterinaria] [           main] com.zaxxer.hikari.HikariDataSource       : HikariPool-9 - Starting...
2024-12-12T14:47:16.222+01:00  INFO 42147 --- [ClinicaVeterinaria] [           main] com.zaxxer.hikari.pool.HikariPool        : HikariPool-9 - Added connection conn74: url=jdbc:h2:mem:list user=SA
2024-12-12T14:47:16.222+01:00  INFO 42147 --- [ClinicaVeterinaria] [           main] com.zaxxer.hikari.HikariDataSource       : HikariPool-9 - Start completed.
2024-12-12T14:47:16.227+01:00  INFO 42147 --- [ClinicaVeterinaria] [           main] o.hibernate.jpa.internal.util.LogHelper  : HHH000204: Processing PersistenceUnitInfo [name: default]
2024-12-12T14:47:16.229+01:00  INFO 42147 --- [ClinicaVeterinaria] [           main] o.h.c.internal.RegionFactoryInitiator    : HHH000026: Second-level cache disabled
2024-12-12T14:47:16.240+01:00  INFO 42147 --- [ClinicaVeterinaria] [           main] o.s.o.j.p.SpringPersistenceUnitInfo      : No LoadTimeWeaver setup: ignoring JPA class transformer
2024-12-12T14:47:16.242+01:00  INFO 42147 --- [ClinicaVeterinaria] [           main] org.hibernate.orm.connections.pooling    : HHH10001005: Database info:
	Database JDBC URL [Connecting through datasource 'HikariDataSource (HikariPool-9)']
	Database driver: undefined/unknown
	Database version: 2.3.232
	Autocommit mode: undefined/unknown
	Isolation level: undefined/unknown
	Minimum pool size: undefined/unknown
	Maximum pool size: undefined/unknown
2024-12-12T14:47:16.303+01:00  INFO 42147 --- [ClinicaVeterinaria] [           main] o.h.e.t.j.p.i.JtaPlatformInitiator       : HHH000489: No JTA platform available (set 'hibernate.transaction.jta.platform' to enable JTA platform integration)
Hibernate: 
    drop table if exists appointment cascade 
Hibernate: 
    drop table if exists guardian cascade 
Hibernate: 
    drop table if exists pet cascade 
Hibernate: 
    create table appointment (
        pet_id integer,
        id_appointment bigint generated by default as identity,
        date varchar(255),
        reason varchar(255),
        time varchar(255),
        primary key (id_appointment)
    )
Hibernate: 
    create table guardian (
        id_guardian integer generated by default as identity,
        address varchar(255),
        email varchar(255),
        name varchar(255),
        phone varchar(255),
        primary key (id_guardian)
    )
Hibernate: 
    create table pet (
        age integer,
        guardian_id integer,
        id_pet integer generated by default as identity,
        breed varchar(255),
        name varchar(255),
        specie varchar(255),
        primary key (id_pet)
    )
Hibernate: 
    alter table if exists appointment 
       add constraint FK8y0it8yrd322ps2jklm5f8e07 
       foreign key (pet_id) 
       references pet
Hibernate: 
    alter table if exists pet 
       add constraint FKa8815najxp50op149j4yg6hhd 
       foreign key (guardian_id) 
       references guardian
2024-12-12T14:47:16.312+01:00  INFO 42147 --- [ClinicaVeterinaria] [           main] j.LocalContainerEntityManagerFactoryBean : Initialized JPA EntityManagerFactory for persistence unit 'default'
2024-12-12T14:47:16.376+01:00  WARN 42147 --- [ClinicaVeterinaria] [           main] JpaBaseConfiguration$JpaWebConfiguration : spring.jpa.open-in-view is enabled by default. Therefore, database queries may be performed during view rendering. Explicitly configure spring.jpa.open-in-view to disable this warning
2024-12-12T14:47:16.442+01:00  INFO 42147 --- [ClinicaVeterinaria] [           main] o.s.b.a.h2.H2ConsoleAutoConfiguration    : H2 console available at '/h2-console'. Database available at 'jdbc:h2:mem:list'
2024-12-12T14:47:16.460+01:00  INFO 42147 --- [ClinicaVeterinaria] [           main] o.s.b.t.m.w.SpringBootMockServletContext : Initializing Spring TestDispatcherServlet ''
2024-12-12T14:47:16.461+01:00  INFO 42147 --- [ClinicaVeterinaria] [           main] o.s.t.web.servlet.TestDispatcherServlet  : Initializing Servlet ''
2024-12-12T14:47:16.462+01:00  INFO 42147 --- [ClinicaVeterinaria] [           main] o.s.t.web.servlet.TestDispatcherServlet  : Completed initialization in 1 ms
2024-12-12T14:47:16.467+01:00  INFO 42147 --- [ClinicaVeterinaria] [           main] o.e.c.AppointmentControllerTest          : Started AppointmentControllerTest in 0.469 seconds (process running for 12.467)
Hibernate: 
    insert 
    into
        guardian
        (address, email, name, phone, id_guardian) 
    values
        (?, ?, ?, ?, default)
Hibernate: 
    insert 
    into
        pet
        (age, breed, guardian_id, name, specie, id_pet) 
    values
        (?, ?, ?, ?, ?, default)
Hibernate: 
    insert 
    into
        appointment
        (date, pet_id, reason, time, id_appointment) 
    values
        (?, ?, ?, ?, default)
Hibernate: 
    select
        a1_0.id_appointment,
        a1_0.date,
        p1_0.id_pet,
        p1_0.age,
        p1_0.breed,
        g1_0.id_guardian,
        g1_0.address,
        g1_0.email,
        g1_0.name,
        g1_0.phone,
        p1_0.name,
        p1_0.specie,
        a1_0.reason,
        a1_0.time 
    from
        appointment a1_0 
    left join
        pet p1_0 
            on p1_0.id_pet=a1_0.pet_id 
    left join
        guardian g1_0 
            on g1_0.id_guardian=p1_0.guardian_id 
    where
        a1_0.id_appointment=?
Hibernate: 
    update
        appointment 
    set
        date=?,
        pet_id=?,
        reason=?,
        time=? 
    where
        id_appointment=?
2024-12-12T14:47:16.505+01:00  INFO 42147 --- [ClinicaVeterinaria] [           main] j.LocalContainerEntityManagerFactoryBean : Closing JPA EntityManagerFactory for persistence unit 'default'
Hibernate: 
    drop table if exists appointment cascade 
Hibernate: 
    drop table if exists guardian cascade 
Hibernate: 
    drop table if exists pet cascade 
2024-12-12T14:47:16.507+01:00  INFO 42147 --- [ClinicaVeterinaria] [           main] com.zaxxer.hikari.HikariDataSource       : HikariPool-9 - Shutdown initiated...
2024-12-12T14:47:16.538+01:00  INFO 42147 --- [ClinicaVeterinaria] [           main] com.zaxxer.hikari.HikariDataSource       : HikariPool-9 - Shutdown completed.
]]></system-out>
  </testcase>
  <testcase name="whenGetRequestIsMade_thenReturnSuccess" classname="org.example.controllers.AppointmentControllerTest" time="0.071">
    <system-out><![CDATA[2024-12-12T14:47:16.541+01:00  INFO 42147 --- [ClinicaVeterinaria] [           main] o.s.b.d.r.RestartApplicationListener     : Restart disabled due to context in which it is running

  .   ____          _            __ _ _
 /\\ / ___'_ __ _ _(_)_ __  __ _ \ \ \ \
( ( )\___ | '_ | '_| | '_ \/ _` | \ \ \ \
 \\/  ___)| |_)| | | | | || (_| |  ) ) ) )
  '  |____| .__|_| |_|_| |_\__, | / / / /
 =========|_|==============|___/=/_/_/_/

 :: Spring Boot ::                (v3.4.0)

2024-12-12T14:47:16.560+01:00  INFO 42147 --- [ClinicaVeterinaria] [           main] o.e.c.AppointmentControllerTest          : Starting AppointmentControllerTest using Java 21.0.5 with PID 42147 (started by lay in /home/lay/Documentos/DesarrolloWeb/bootcamp/springboot/ClinicaVeterinaria)
2024-12-12T14:47:16.560+01:00  INFO 42147 --- [ClinicaVeterinaria] [           main] o.e.c.AppointmentControllerTest          : The following 1 profile is active: "test"
2024-12-12T14:47:16.703+01:00  INFO 42147 --- [ClinicaVeterinaria] [           main] .s.d.r.c.RepositoryConfigurationDelegate : Bootstrapping Spring Data JPA repositories in DEFAULT mode.
2024-12-12T14:47:16.711+01:00  INFO 42147 --- [ClinicaVeterinaria] [           main] .s.d.r.c.RepositoryConfigurationDelegate : Finished Spring Data repository scanning in 6 ms. Found 3 JPA repository interfaces.
2024-12-12T14:47:16.790+01:00  INFO 42147 --- [ClinicaVeterinaria] [           main] com.zaxxer.hikari.HikariDataSource       : HikariPool-10 - Starting...
2024-12-12T14:47:16.792+01:00  INFO 42147 --- [ClinicaVeterinaria] [           main] com.zaxxer.hikari.pool.HikariPool        : HikariPool-10 - Added connection conn82: url=jdbc:h2:mem:list user=SA
2024-12-12T14:47:16.792+01:00  INFO 42147 --- [ClinicaVeterinaria] [           main] com.zaxxer.hikari.HikariDataSource       : HikariPool-10 - Start completed.
2024-12-12T14:47:16.797+01:00  INFO 42147 --- [ClinicaVeterinaria] [           main] o.hibernate.jpa.internal.util.LogHelper  : HHH000204: Processing PersistenceUnitInfo [name: default]
2024-12-12T14:47:16.799+01:00  INFO 42147 --- [ClinicaVeterinaria] [           main] o.h.c.internal.RegionFactoryInitiator    : HHH000026: Second-level cache disabled
2024-12-12T14:47:16.807+01:00  INFO 42147 --- [ClinicaVeterinaria] [           main] o.s.o.j.p.SpringPersistenceUnitInfo      : No LoadTimeWeaver setup: ignoring JPA class transformer
2024-12-12T14:47:16.809+01:00  INFO 42147 --- [ClinicaVeterinaria] [           main] org.hibernate.orm.connections.pooling    : HHH10001005: Database info:
	Database JDBC URL [Connecting through datasource 'HikariDataSource (HikariPool-10)']
	Database driver: undefined/unknown
	Database version: 2.3.232
	Autocommit mode: undefined/unknown
	Isolation level: undefined/unknown
	Minimum pool size: undefined/unknown
	Maximum pool size: undefined/unknown
2024-12-12T14:47:16.886+01:00  INFO 42147 --- [ClinicaVeterinaria] [           main] o.h.e.t.j.p.i.JtaPlatformInitiator       : HHH000489: No JTA platform available (set 'hibernate.transaction.jta.platform' to enable JTA platform integration)
Hibernate: 
    drop table if exists appointment cascade 
Hibernate: 
    drop table if exists guardian cascade 
Hibernate: 
    drop table if exists pet cascade 
Hibernate: 
    create table appointment (
        pet_id integer,
        id_appointment bigint generated by default as identity,
        date varchar(255),
        reason varchar(255),
        time varchar(255),
        primary key (id_appointment)
    )
Hibernate: 
    create table guardian (
        id_guardian integer generated by default as identity,
        address varchar(255),
        email varchar(255),
        name varchar(255),
        phone varchar(255),
        primary key (id_guardian)
    )
Hibernate: 
    create table pet (
        age integer,
        guardian_id integer,
        id_pet integer generated by default as identity,
        breed varchar(255),
        name varchar(255),
        specie varchar(255),
        primary key (id_pet)
    )
Hibernate: 
    alter table if exists appointment 
       add constraint FK8y0it8yrd322ps2jklm5f8e07 
       foreign key (pet_id) 
       references pet
Hibernate: 
    alter table if exists pet 
       add constraint FKa8815najxp50op149j4yg6hhd 
       foreign key (guardian_id) 
       references guardian
2024-12-12T14:47:16.892+01:00  INFO 42147 --- [ClinicaVeterinaria] [           main] j.LocalContainerEntityManagerFactoryBean : Initialized JPA EntityManagerFactory for persistence unit 'default'
2024-12-12T14:47:16.948+01:00  WARN 42147 --- [ClinicaVeterinaria] [           main] JpaBaseConfiguration$JpaWebConfiguration : spring.jpa.open-in-view is enabled by default. Therefore, database queries may be performed during view rendering. Explicitly configure spring.jpa.open-in-view to disable this warning
2024-12-12T14:47:17.010+01:00  INFO 42147 --- [ClinicaVeterinaria] [           main] o.s.b.a.h2.H2ConsoleAutoConfiguration    : H2 console available at '/h2-console'. Database available at 'jdbc:h2:mem:list'
2024-12-12T14:47:17.028+01:00  INFO 42147 --- [ClinicaVeterinaria] [           main] o.s.b.t.m.w.SpringBootMockServletContext : Initializing Spring TestDispatcherServlet ''
2024-12-12T14:47:17.028+01:00  INFO 42147 --- [ClinicaVeterinaria] [           main] o.s.t.web.servlet.TestDispatcherServlet  : Initializing Servlet ''
2024-12-12T14:47:17.028+01:00  INFO 42147 --- [ClinicaVeterinaria] [           main] o.s.t.web.servlet.TestDispatcherServlet  : Completed initialization in 0 ms
2024-12-12T14:47:17.035+01:00  INFO 42147 --- [ClinicaVeterinaria] [           main] o.e.c.AppointmentControllerTest          : Started AppointmentControllerTest in 0.494 seconds (process running for 13.035)
Hibernate: 
    insert 
    into
        guardian
        (address, email, name, phone, id_guardian) 
    values
        (?, ?, ?, ?, default)
Hibernate: 
    insert 
    into
        guardian
        (address, email, name, phone, id_guardian) 
    values
        (?, ?, ?, ?, default)
Hibernate: 
    insert 
    into
        pet
        (age, breed, guardian_id, name, specie, id_pet) 
    values
        (?, ?, ?, ?, ?, default)
Hibernate: 
    insert 
    into
        pet
        (age, breed, guardian_id, name, specie, id_pet) 
    values
        (?, ?, ?, ?, ?, default)
Hibernate: 
    insert 
    into
        appointment
        (date, pet_id, reason, time, id_appointment) 
    values
        (?, ?, ?, ?, default)
Hibernate: 
    insert 
    into
        appointment
        (date, pet_id, reason, time, id_appointment) 
    values
        (?, ?, ?, ?, default)
Hibernate: 
    select
        a1_0.id_appointment,
        a1_0.date,
        a1_0.pet_id,
        a1_0.reason,
        a1_0.time 
    from
        appointment a1_0
Hibernate: 
    select
        p1_0.id_pet,
        p1_0.age,
        p1_0.breed,
        g1_0.id_guardian,
        g1_0.address,
        g1_0.email,
        g1_0.name,
        g1_0.phone,
        p1_0.name,
        p1_0.specie 
    from
        pet p1_0 
    left join
        guardian g1_0 
            on g1_0.id_guardian=p1_0.guardian_id 
    where
        p1_0.id_pet=?
Hibernate: 
    select
        p1_0.id_pet,
        p1_0.age,
        p1_0.breed,
        g1_0.id_guardian,
        g1_0.address,
        g1_0.email,
        g1_0.name,
        g1_0.phone,
        p1_0.name,
        p1_0.specie 
    from
        pet p1_0 
    left join
        guardian g1_0 
            on g1_0.id_guardian=p1_0.guardian_id 
    where
        p1_0.id_pet=?
2024-12-12T14:47:17.082+01:00  INFO 42147 --- [ClinicaVeterinaria] [           main] j.LocalContainerEntityManagerFactoryBean : Closing JPA EntityManagerFactory for persistence unit 'default'
Hibernate: 
    drop table if exists appointment cascade 
Hibernate: 
    drop table if exists guardian cascade 
Hibernate: 
    drop table if exists pet cascade 
2024-12-12T14:47:17.084+01:00  INFO 42147 --- [ClinicaVeterinaria] [           main] com.zaxxer.hikari.HikariDataSource       : HikariPool-10 - Shutdown initiated...
2024-12-12T14:47:17.108+01:00  INFO 42147 --- [ClinicaVeterinaria] [           main] com.zaxxer.hikari.HikariDataSource       : HikariPool-10 - Shutdown completed.
]]></system-out>
  </testcase>
  <testcase name="givenValidIdAppointment_whenGetRequestIsMade_thenReturnSuccess" classname="org.example.controllers.AppointmentControllerTest" time="0.023">
    <system-out><![CDATA[2024-12-12T14:47:17.113+01:00  INFO 42147 --- [ClinicaVeterinaria] [           main] o.s.b.d.r.RestartApplicationListener     : Restart disabled due to context in which it is running

  .   ____          _            __ _ _
 /\\ / ___'_ __ _ _(_)_ __  __ _ \ \ \ \
( ( )\___ | '_ | '_| | '_ \/ _` | \ \ \ \
 \\/  ___)| |_)| | | | | || (_| |  ) ) ) )
  '  |____| .__|_| |_|_| |_\__, | / / / /
 =========|_|==============|___/=/_/_/_/

 :: Spring Boot ::                (v3.4.0)

2024-12-12T14:47:17.137+01:00  INFO 42147 --- [ClinicaVeterinaria] [           main] o.e.c.AppointmentControllerTest          : Starting AppointmentControllerTest using Java 21.0.5 with PID 42147 (started by lay in /home/lay/Documentos/DesarrolloWeb/bootcamp/springboot/ClinicaVeterinaria)
2024-12-12T14:47:17.137+01:00  INFO 42147 --- [ClinicaVeterinaria] [           main] o.e.c.AppointmentControllerTest          : The following 1 profile is active: "test"
2024-12-12T14:47:17.260+01:00  INFO 42147 --- [ClinicaVeterinaria] [           main] .s.d.r.c.RepositoryConfigurationDelegate : Bootstrapping Spring Data JPA repositories in DEFAULT mode.
2024-12-12T14:47:17.267+01:00  INFO 42147 --- [ClinicaVeterinaria] [           main] .s.d.r.c.RepositoryConfigurationDelegate : Finished Spring Data repository scanning in 6 ms. Found 3 JPA repository interfaces.
2024-12-12T14:47:17.329+01:00  INFO 42147 --- [ClinicaVeterinaria] [           main] com.zaxxer.hikari.HikariDataSource       : HikariPool-11 - Starting...
2024-12-12T14:47:17.331+01:00  INFO 42147 --- [ClinicaVeterinaria] [           main] com.zaxxer.hikari.pool.HikariPool        : HikariPool-11 - Added connection conn90: url=jdbc:h2:mem:list user=SA
2024-12-12T14:47:17.331+01:00  INFO 42147 --- [ClinicaVeterinaria] [           main] com.zaxxer.hikari.HikariDataSource       : HikariPool-11 - Start completed.
2024-12-12T14:47:17.334+01:00  INFO 42147 --- [ClinicaVeterinaria] [           main] o.hibernate.jpa.internal.util.LogHelper  : HHH000204: Processing PersistenceUnitInfo [name: default]
2024-12-12T14:47:17.336+01:00  INFO 42147 --- [ClinicaVeterinaria] [           main] o.h.c.internal.RegionFactoryInitiator    : HHH000026: Second-level cache disabled
2024-12-12T14:47:17.342+01:00  INFO 42147 --- [ClinicaVeterinaria] [           main] o.s.o.j.p.SpringPersistenceUnitInfo      : No LoadTimeWeaver setup: ignoring JPA class transformer
2024-12-12T14:47:17.343+01:00  INFO 42147 --- [ClinicaVeterinaria] [           main] org.hibernate.orm.connections.pooling    : HHH10001005: Database info:
	Database JDBC URL [Connecting through datasource 'HikariDataSource (HikariPool-11)']
	Database driver: undefined/unknown
	Database version: 2.3.232
	Autocommit mode: undefined/unknown
	Isolation level: undefined/unknown
	Minimum pool size: undefined/unknown
	Maximum pool size: undefined/unknown
2024-12-12T14:47:17.411+01:00  INFO 42147 --- [ClinicaVeterinaria] [           main] o.h.e.t.j.p.i.JtaPlatformInitiator       : HHH000489: No JTA platform available (set 'hibernate.transaction.jta.platform' to enable JTA platform integration)
Hibernate: 
    drop table if exists appointment cascade 
Hibernate: 
    drop table if exists guardian cascade 
Hibernate: 
    drop table if exists pet cascade 
Hibernate: 
    create table appointment (
        pet_id integer,
        id_appointment bigint generated by default as identity,
        date varchar(255),
        reason varchar(255),
        time varchar(255),
        primary key (id_appointment)
    )
Hibernate: 
    create table guardian (
        id_guardian integer generated by default as identity,
        address varchar(255),
        email varchar(255),
        name varchar(255),
        phone varchar(255),
        primary key (id_guardian)
    )
Hibernate: 
    create table pet (
        age integer,
        guardian_id integer,
        id_pet integer generated by default as identity,
        breed varchar(255),
        name varchar(255),
        specie varchar(255),
        primary key (id_pet)
    )
Hibernate: 
    alter table if exists appointment 
       add constraint FK8y0it8yrd322ps2jklm5f8e07 
       foreign key (pet_id) 
       references pet
Hibernate: 
    alter table if exists pet 
       add constraint FKa8815najxp50op149j4yg6hhd 
       foreign key (guardian_id) 
       references guardian
2024-12-12T14:47:17.418+01:00  INFO 42147 --- [ClinicaVeterinaria] [           main] j.LocalContainerEntityManagerFactoryBean : Initialized JPA EntityManagerFactory for persistence unit 'default'
2024-12-12T14:47:17.479+01:00  WARN 42147 --- [ClinicaVeterinaria] [           main] JpaBaseConfiguration$JpaWebConfiguration : spring.jpa.open-in-view is enabled by default. Therefore, database queries may be performed during view rendering. Explicitly configure spring.jpa.open-in-view to disable this warning
2024-12-12T14:47:17.537+01:00  INFO 42147 --- [ClinicaVeterinaria] [           main] o.s.b.a.h2.H2ConsoleAutoConfiguration    : H2 console available at '/h2-console'. Database available at 'jdbc:h2:mem:list'
2024-12-12T14:47:17.550+01:00  INFO 42147 --- [ClinicaVeterinaria] [           main] o.s.b.t.m.w.SpringBootMockServletContext : Initializing Spring TestDispatcherServlet ''
2024-12-12T14:47:17.551+01:00  INFO 42147 --- [ClinicaVeterinaria] [           main] o.s.t.web.servlet.TestDispatcherServlet  : Initializing Servlet ''
2024-12-12T14:47:17.552+01:00  INFO 42147 --- [ClinicaVeterinaria] [           main] o.s.t.web.servlet.TestDispatcherServlet  : Completed initialization in 1 ms
2024-12-12T14:47:17.565+01:00  INFO 42147 --- [ClinicaVeterinaria] [           main] o.e.c.AppointmentControllerTest          : Started AppointmentControllerTest in 0.453 seconds (process running for 13.565)
Hibernate: 
    insert 
    into
        guardian
        (address, email, name, phone, id_guardian) 
    values
        (?, ?, ?, ?, default)
Hibernate: 
    insert 
    into
        pet
        (age, breed, guardian_id, name, specie, id_pet) 
    values
        (?, ?, ?, ?, ?, default)
Hibernate: 
    insert 
    into
        appointment
        (date, pet_id, reason, time, id_appointment) 
    values
        (?, ?, ?, ?, default)
Hibernate: 
    select
        a1_0.id_appointment,
        a1_0.date,
        p1_0.id_pet,
        p1_0.age,
        p1_0.breed,
        g1_0.id_guardian,
        g1_0.address,
        g1_0.email,
        g1_0.name,
        g1_0.phone,
        p1_0.name,
        p1_0.specie,
        a1_0.reason,
        a1_0.time 
    from
        appointment a1_0 
    left join
        pet p1_0 
            on p1_0.id_pet=a1_0.pet_id 
    left join
        guardian g1_0 
            on g1_0.id_guardian=p1_0.guardian_id 
    where
        a1_0.id_appointment=?
2024-12-12T14:47:17.586+01:00  INFO 42147 --- [ClinicaVeterinaria] [           main] j.LocalContainerEntityManagerFactoryBean : Closing JPA EntityManagerFactory for persistence unit 'default'
Hibernate: 
    drop table if exists appointment cascade 
Hibernate: 
    drop table if exists guardian cascade 
Hibernate: 
    drop table if exists pet cascade 
2024-12-12T14:47:17.588+01:00  INFO 42147 --- [ClinicaVeterinaria] [           main] com.zaxxer.hikari.HikariDataSource       : HikariPool-11 - Shutdown initiated...
2024-12-12T14:47:17.590+01:00  INFO 42147 --- [ClinicaVeterinaria] [           main] com.zaxxer.hikari.HikariDataSource       : HikariPool-11 - Shutdown completed.
]]></system-out>
  </testcase>
</testsuite>