<?xml version="1.0" encoding="UTF-8"?>
<testsuite xmlns:xsi="http://www.w3.org/2001/XMLSchema-instance" xsi:noNamespaceSchemaLocation="https://maven.apache.org/surefire/maven-surefire-plugin/xsd/surefire-test-report.xsd" version="3.0.2" name="org.example.controllers.AppointmentControllerTest" time="4.318" tests="5" errors="0" skipped="0" failures="0">
  <properties>
[...]
</properties>
  <testcase name="givenAppointmentById_whenDelete_theReturnSuccess" classname="org.example.controllers.AppointmentControllerTest" time="0.067">
    <system-out><![CDATA[2024-12-12T14:36:48.408+01:00  INFO 40671 --- [ClinicaVeterinaria] [           main] t.c.s.AnnotationConfigContextLoaderUtils : Could not detect default configuration classes for test class [org.example.controllers.AppointmentControllerTest]: AppointmentControllerTest does not declare any static, non-private, non-final, nested classes annotated with @Configuration.
2024-12-12T14:36:48.414+01:00  INFO 40671 --- [ClinicaVeterinaria] [           main] .b.t.c.SpringBootTestContextBootstrapper : Found @SpringBootConfiguration org.example.ClinicaVeterinariaApplication for test class org.example.controllers.AppointmentControllerTest
2024-12-12T14:36:48.420+01:00  INFO 40671 --- [ClinicaVeterinaria] [           main] o.s.b.d.r.RestartApplicationListener     : Restart disabled due to context in which it is running

  .   ____          _            __ _ _
 /\\ / ___'_ __ _ _(_)_ __  __ _ \ \ \ \
( ( )\___ | '_ | '_| | '_ \/ _` | \ \ \ \
 \\/  ___)| |_)| | | | | || (_| |  ) ) ) )
  '  |____| .__|_| |_|_| |_\__, | / / / /
 =========|_|==============|___/=/_/_/_/

 :: Spring Boot ::                (v3.4.0)

2024-12-12T14:36:48.481+01:00  INFO 40671 --- [ClinicaVeterinaria] [           main] o.e.c.AppointmentControllerTest          : Starting AppointmentControllerTest using Java 21.0.5 with PID 40671 (started by lay in /home/lay/Documentos/DesarrolloWeb/bootcamp/springboot/ClinicaVeterinaria)
2024-12-12T14:36:48.482+01:00  INFO 40671 --- [ClinicaVeterinaria] [           main] o.e.c.AppointmentControllerTest          : The following 1 profile is active: "test"
2024-12-12T14:36:48.668+01:00  INFO 40671 --- [ClinicaVeterinaria] [           main] .s.d.r.c.RepositoryConfigurationDelegate : Bootstrapping Spring Data JPA repositories in DEFAULT mode.
2024-12-12T14:36:48.680+01:00  INFO 40671 --- [ClinicaVeterinaria] [           main] .s.d.r.c.RepositoryConfigurationDelegate : Finished Spring Data repository scanning in 10 ms. Found 3 JPA repository interfaces.
2024-12-12T14:36:48.787+01:00  INFO 40671 --- [ClinicaVeterinaria] [           main] com.zaxxer.hikari.HikariDataSource       : HikariPool-7 - Starting...
2024-12-12T14:36:48.790+01:00  INFO 40671 --- [ClinicaVeterinaria] [           main] com.zaxxer.hikari.pool.HikariPool        : HikariPool-7 - Added connection conn60: url=jdbc:h2:mem:list user=SA
2024-12-12T14:36:48.790+01:00  INFO 40671 --- [ClinicaVeterinaria] [           main] com.zaxxer.hikari.HikariDataSource       : HikariPool-7 - Start completed.
2024-12-12T14:36:48.796+01:00  INFO 40671 --- [ClinicaVeterinaria] [           main] o.hibernate.jpa.internal.util.LogHelper  : HHH000204: Processing PersistenceUnitInfo [name: default]
2024-12-12T14:36:48.799+01:00  INFO 40671 --- [ClinicaVeterinaria] [           main] o.h.c.internal.RegionFactoryInitiator    : HHH000026: Second-level cache disabled
2024-12-12T14:36:48.808+01:00  INFO 40671 --- [ClinicaVeterinaria] [           main] o.s.o.j.p.SpringPersistenceUnitInfo      : No LoadTimeWeaver setup: ignoring JPA class transformer
2024-12-12T14:36:48.809+01:00  INFO 40671 --- [ClinicaVeterinaria] [           main] org.hibernate.orm.connections.pooling    : HHH10001005: Database info:
	Database JDBC URL [Connecting through datasource 'HikariDataSource (HikariPool-7)']
	Database driver: undefined/unknown
	Database version: 2.3.232
	Autocommit mode: undefined/unknown
	Isolation level: undefined/unknown
	Minimum pool size: undefined/unknown
	Maximum pool size: undefined/unknown
2024-12-12T14:36:48.914+01:00  INFO 40671 --- [ClinicaVeterinaria] [           main] o.h.e.t.j.p.i.JtaPlatformInitiator       : HHH000489: No JTA platform available (set 'hibernate.transaction.jta.platform' to enable JTA platform integration)
Hibernate: 
    drop table if exists appointment cascade 
Hibernate: 
    drop table if exists guardian cascade 
Hibernate: 
    drop table if exists pet cascade 
Hibernate: 
    create table appointment (
        pet_id integer,
        id_appointment bigint generated by default as identity,
        date varchar(255),
        reason varchar(255),
        time varchar(255),
        primary key (id_appointment)
    )
Hibernate: 
    create table guardian (
        id_guardian integer generated by default as identity,
        address varchar(255),
        email varchar(255),
        name varchar(255),
        phone varchar(255),
        primary key (id_guardian)
    )
Hibernate: 
    create table pet (
        age integer,
        guardian_id integer,
        id_pet integer generated by default as identity,
        breed varchar(255),
        name varchar(255),
        specie varchar(255),
        primary key (id_pet)
    )
Hibernate: 
    alter table if exists appointment 
       add constraint FK8y0it8yrd322ps2jklm5f8e07 
       foreign key (pet_id) 
       references pet
Hibernate: 
    alter table if exists pet 
       add constraint FKa8815najxp50op149j4yg6hhd 
       foreign key (guardian_id) 
       references guardian
2024-12-12T14:36:48.927+01:00  INFO 40671 --- [ClinicaVeterinaria] [           main] j.LocalContainerEntityManagerFactoryBean : Initialized JPA EntityManagerFactory for persistence unit 'default'
2024-12-12T14:36:49.045+01:00  WARN 40671 --- [ClinicaVeterinaria] [           main] JpaBaseConfiguration$JpaWebConfiguration : spring.jpa.open-in-view is enabled by default. Therefore, database queries may be performed during view rendering. Explicitly configure spring.jpa.open-in-view to disable this warning
2024-12-12T14:36:49.178+01:00  INFO 40671 --- [ClinicaVeterinaria] [           main] o.s.b.a.h2.H2ConsoleAutoConfiguration    : H2 console available at '/h2-console'. Database available at 'jdbc:h2:mem:list'
2024-12-12T14:36:49.202+01:00  INFO 40671 --- [ClinicaVeterinaria] [           main] o.s.b.t.m.w.SpringBootMockServletContext : Initializing Spring TestDispatcherServlet ''
2024-12-12T14:36:49.203+01:00  INFO 40671 --- [ClinicaVeterinaria] [           main] o.s.t.web.servlet.TestDispatcherServlet  : Initializing Servlet ''
2024-12-12T14:36:49.204+01:00  INFO 40671 --- [ClinicaVeterinaria] [           main] o.s.t.web.servlet.TestDispatcherServlet  : Completed initialization in 1 ms
2024-12-12T14:36:49.219+01:00  INFO 40671 --- [ClinicaVeterinaria] [           main] o.e.c.AppointmentControllerTest          : Started AppointmentControllerTest in 0.799 seconds (process running for 18.001)
Hibernate: 
    insert 
    into
        guardian
        (address, email, name, phone, id_guardian) 
    values
        (?, ?, ?, ?, default)
Hibernate: 
    insert 
    into
        pet
        (age, breed, guardian_id, name, specie, id_pet) 
    values
        (?, ?, ?, ?, ?, default)
Hibernate: 
    insert 
    into
        appointment
        (date, pet_id, reason, time, id_appointment) 
    values
        (?, ?, ?, ?, default)
Hibernate: 
    select
        count(*) 
    from
        appointment a1_0
Hibernate: 
    select
        a1_0.id_appointment,
        a1_0.date,
        p1_0.id_pet,
        p1_0.age,
        p1_0.breed,
        g1_0.id_guardian,
        g1_0.address,
        g1_0.email,
        g1_0.name,
        g1_0.phone,
        p1_0.name,
        p1_0.specie,
        a1_0.reason,
        a1_0.time 
    from
        appointment a1_0 
    left join
        pet p1_0 
            on p1_0.id_pet=a1_0.pet_id 
    left join
        guardian g1_0 
            on g1_0.id_guardian=p1_0.guardian_id 
    where
        a1_0.id_appointment=?
Hibernate: 
    delete 
    from
        appointment 
    where
        id_appointment=?
Hibernate: 
    select
        count(*) 
    from
        appointment a1_0
2024-12-12T14:36:49.286+01:00  INFO 40671 --- [ClinicaVeterinaria] [           main] j.LocalContainerEntityManagerFactoryBean : Closing JPA EntityManagerFactory for persistence unit 'default'
Hibernate: 
    drop table if exists appointment cascade 
Hibernate: 
    drop table if exists guardian cascade 
Hibernate: 
    drop table if exists pet cascade 
2024-12-12T14:36:49.289+01:00  INFO 40671 --- [ClinicaVeterinaria] [           main] com.zaxxer.hikari.HikariDataSource       : HikariPool-7 - Shutdown initiated...
2024-12-12T14:36:49.291+01:00  INFO 40671 --- [ClinicaVeterinaria] [           main] com.zaxxer.hikari.HikariDataSource       : HikariPool-7 - Shutdown completed.
]]></system-out>
  </testcase>
  <testcase name="givenAValidAppointment_whenPostRequestIsMade_thenReturnSuccess" classname="org.example.controllers.AppointmentControllerTest" time="0.055">
    <system-out><![CDATA[2024-12-12T14:36:49.299+01:00  INFO 40671 --- [ClinicaVeterinaria] [           main] o.s.b.d.r.RestartApplicationListener     : Restart disabled due to context in which it is running

  .   ____          _            __ _ _
 /\\ / ___'_ __ _ _(_)_ __  __ _ \ \ \ \
( ( )\___ | '_ | '_| | '_ \/ _` | \ \ \ \
 \\/  ___)| |_)| | | | | || (_| |  ) ) ) )
  '  |____| .__|_| |_|_| |_\__, | / / / /
 =========|_|==============|___/=/_/_/_/

 :: Spring Boot ::                (v3.4.0)

2024-12-12T14:36:49.327+01:00  INFO 40671 --- [ClinicaVeterinaria] [           main] o.e.c.AppointmentControllerTest          : Starting AppointmentControllerTest using Java 21.0.5 with PID 40671 (started by lay in /home/lay/Documentos/DesarrolloWeb/bootcamp/springboot/ClinicaVeterinaria)
2024-12-12T14:36:49.327+01:00  INFO 40671 --- [ClinicaVeterinaria] [           main] o.e.c.AppointmentControllerTest          : The following 1 profile is active: "test"
2024-12-12T14:36:49.595+01:00  INFO 40671 --- [ClinicaVeterinaria] [           main] .s.d.r.c.RepositoryConfigurationDelegate : Bootstrapping Spring Data JPA repositories in DEFAULT mode.
2024-12-12T14:36:49.617+01:00  INFO 40671 --- [ClinicaVeterinaria] [           main] .s.d.r.c.RepositoryConfigurationDelegate : Finished Spring Data repository scanning in 19 ms. Found 3 JPA repository interfaces.
2024-12-12T14:36:49.736+01:00  INFO 40671 --- [ClinicaVeterinaria] [           main] com.zaxxer.hikari.HikariDataSource       : HikariPool-8 - Starting...
2024-12-12T14:36:49.745+01:00  INFO 40671 --- [ClinicaVeterinaria] [           main] com.zaxxer.hikari.pool.HikariPool        : HikariPool-8 - Added connection conn70: url=jdbc:h2:mem:list user=SA
2024-12-12T14:36:49.745+01:00  INFO 40671 --- [ClinicaVeterinaria] [           main] com.zaxxer.hikari.HikariDataSource       : HikariPool-8 - Start completed.
2024-12-12T14:36:49.753+01:00  INFO 40671 --- [ClinicaVeterinaria] [           main] o.hibernate.jpa.internal.util.LogHelper  : HHH000204: Processing PersistenceUnitInfo [name: default]
2024-12-12T14:36:49.757+01:00  INFO 40671 --- [ClinicaVeterinaria] [           main] o.h.c.internal.RegionFactoryInitiator    : HHH000026: Second-level cache disabled
2024-12-12T14:36:49.767+01:00  INFO 40671 --- [ClinicaVeterinaria] [           main] o.s.o.j.p.SpringPersistenceUnitInfo      : No LoadTimeWeaver setup: ignoring JPA class transformer
2024-12-12T14:36:49.769+01:00  INFO 40671 --- [ClinicaVeterinaria] [           main] org.hibernate.orm.connections.pooling    : HHH10001005: Database info:
	Database JDBC URL [Connecting through datasource 'HikariDataSource (HikariPool-8)']
	Database driver: undefined/unknown
	Database version: 2.3.232
	Autocommit mode: undefined/unknown
	Isolation level: undefined/unknown
	Minimum pool size: undefined/unknown
	Maximum pool size: undefined/unknown
2024-12-12T14:36:49.898+01:00  INFO 40671 --- [ClinicaVeterinaria] [           main] o.h.e.t.j.p.i.JtaPlatformInitiator       : HHH000489: No JTA platform available (set 'hibernate.transaction.jta.platform' to enable JTA platform integration)
Hibernate: 
    drop table if exists appointment cascade 
Hibernate: 
    drop table if exists guardian cascade 
Hibernate: 
    drop table if exists pet cascade 
Hibernate: 
    create table appointment (
        pet_id integer,
        id_appointment bigint generated by default as identity,
        date varchar(255),
        reason varchar(255),
        time varchar(255),
        primary key (id_appointment)
    )
Hibernate: 
    create table guardian (
        id_guardian integer generated by default as identity,
        address varchar(255),
        email varchar(255),
        name varchar(255),
        phone varchar(255),
        primary key (id_guardian)
    )
Hibernate: 
    create table pet (
        age integer,
        guardian_id integer,
        id_pet integer generated by default as identity,
        breed varchar(255),
        name varchar(255),
        specie varchar(255),
        primary key (id_pet)
    )
Hibernate: 
    alter table if exists appointment 
       add constraint FK8y0it8yrd322ps2jklm5f8e07 
       foreign key (pet_id) 
       references pet
Hibernate: 
    alter table if exists pet 
       add constraint FKa8815najxp50op149j4yg6hhd 
       foreign key (guardian_id) 
       references guardian
2024-12-12T14:36:49.906+01:00  INFO 40671 --- [ClinicaVeterinaria] [           main] j.LocalContainerEntityManagerFactoryBean : Initialized JPA EntityManagerFactory for persistence unit 'default'
2024-12-12T14:36:50.031+01:00  WARN 40671 --- [ClinicaVeterinaria] [           main] JpaBaseConfiguration$JpaWebConfiguration : spring.jpa.open-in-view is enabled by default. Therefore, database queries may be performed during view rendering. Explicitly configure spring.jpa.open-in-view to disable this warning
2024-12-12T14:36:50.131+01:00  INFO 40671 --- [ClinicaVeterinaria] [           main] o.s.b.a.h2.H2ConsoleAutoConfiguration    : H2 console available at '/h2-console'. Database available at 'jdbc:h2:mem:list'
2024-12-12T14:36:50.150+01:00  INFO 40671 --- [ClinicaVeterinaria] [           main] o.s.b.t.m.w.SpringBootMockServletContext : Initializing Spring TestDispatcherServlet ''
2024-12-12T14:36:50.150+01:00  INFO 40671 --- [ClinicaVeterinaria] [           main] o.s.t.web.servlet.TestDispatcherServlet  : Initializing Servlet ''
2024-12-12T14:36:50.151+01:00  INFO 40671 --- [ClinicaVeterinaria] [           main] o.s.t.web.servlet.TestDispatcherServlet  : Completed initialization in 0 ms
2024-12-12T14:36:50.161+01:00  INFO 40671 --- [ClinicaVeterinaria] [           main] o.e.c.AppointmentControllerTest          : Started AppointmentControllerTest in 0.863 seconds (process running for 18.943)
Hibernate: 
    insert 
    into
        guardian
        (address, email, name, phone, id_guardian) 
    values
        (?, ?, ?, ?, default)
Hibernate: 
    insert 
    into
        pet
        (age, breed, guardian_id, name, specie, id_pet) 
    values
        (?, ?, ?, ?, ?, default)
Hibernate: 
    select
        p1_0.id_pet,
        p1_0.age,
        p1_0.breed,
        g1_0.id_guardian,
        g1_0.address,
        g1_0.email,
        g1_0.name,
        g1_0.phone,
        p1_0.name,
        p1_0.specie 
    from
        pet p1_0 
    left join
        guardian g1_0 
            on g1_0.id_guardian=p1_0.guardian_id 
    where
        p1_0.id_pet=?
Hibernate: 
    insert 
    into
        appointment
        (date, pet_id, reason, time, id_appointment) 
    values
        (?, ?, ?, ?, default)
2024-12-12T14:36:50.213+01:00  INFO 40671 --- [ClinicaVeterinaria] [           main] j.LocalContainerEntityManagerFactoryBean : Closing JPA EntityManagerFactory for persistence unit 'default'
Hibernate: 
    drop table if exists appointment cascade 
Hibernate: 
    drop table if exists guardian cascade 
Hibernate: 
    drop table if exists pet cascade 
2024-12-12T14:36:50.217+01:00  INFO 40671 --- [ClinicaVeterinaria] [           main] com.zaxxer.hikari.HikariDataSource       : HikariPool-8 - Shutdown initiated...
2024-12-12T14:36:50.218+01:00  INFO 40671 --- [ClinicaVeterinaria] [           main] com.zaxxer.hikari.HikariDataSource       : HikariPool-8 - Shutdown completed.
]]></system-out>
  </testcase>
  <testcase name="givenPatientById_whenUpdate_thenReturnSuccess" classname="org.example.controllers.AppointmentControllerTest" time="0.046">
    <system-out><![CDATA[2024-12-12T14:36:50.224+01:00  INFO 40671 --- [ClinicaVeterinaria] [           main] o.s.b.d.r.RestartApplicationListener     : Restart disabled due to context in which it is running

  .   ____          _            __ _ _
 /\\ / ___'_ __ _ _(_)_ __  __ _ \ \ \ \
( ( )\___ | '_ | '_| | '_ \/ _` | \ \ \ \
 \\/  ___)| |_)| | | | | || (_| |  ) ) ) )
  '  |____| .__|_| |_|_| |_\__, | / / / /
 =========|_|==============|___/=/_/_/_/

 :: Spring Boot ::                (v3.4.0)

2024-12-12T14:36:50.261+01:00  INFO 40671 --- [ClinicaVeterinaria] [           main] o.e.c.AppointmentControllerTest          : Starting AppointmentControllerTest using Java 21.0.5 with PID 40671 (started by lay in /home/lay/Documentos/DesarrolloWeb/bootcamp/springboot/ClinicaVeterinaria)
2024-12-12T14:36:50.262+01:00  INFO 40671 --- [ClinicaVeterinaria] [           main] o.e.c.AppointmentControllerTest          : The following 1 profile is active: "test"
2024-12-12T14:36:50.458+01:00  INFO 40671 --- [ClinicaVeterinaria] [           main] .s.d.r.c.RepositoryConfigurationDelegate : Bootstrapping Spring Data JPA repositories in DEFAULT mode.
2024-12-12T14:36:50.471+01:00  INFO 40671 --- [ClinicaVeterinaria] [           main] .s.d.r.c.RepositoryConfigurationDelegate : Finished Spring Data repository scanning in 10 ms. Found 3 JPA repository interfaces.
2024-12-12T14:36:50.576+01:00  INFO 40671 --- [ClinicaVeterinaria] [           main] com.zaxxer.hikari.HikariDataSource       : HikariPool-9 - Starting...
2024-12-12T14:36:50.580+01:00  INFO 40671 --- [ClinicaVeterinaria] [           main] com.zaxxer.hikari.pool.HikariPool        : HikariPool-9 - Added connection conn80: url=jdbc:h2:mem:list user=SA
2024-12-12T14:36:50.580+01:00  INFO 40671 --- [ClinicaVeterinaria] [           main] com.zaxxer.hikari.HikariDataSource       : HikariPool-9 - Start completed.
2024-12-12T14:36:50.588+01:00  INFO 40671 --- [ClinicaVeterinaria] [           main] o.hibernate.jpa.internal.util.LogHelper  : HHH000204: Processing PersistenceUnitInfo [name: default]
2024-12-12T14:36:50.590+01:00  INFO 40671 --- [ClinicaVeterinaria] [           main] o.h.c.internal.RegionFactoryInitiator    : HHH000026: Second-level cache disabled
2024-12-12T14:36:50.603+01:00  INFO 40671 --- [ClinicaVeterinaria] [           main] o.s.o.j.p.SpringPersistenceUnitInfo      : No LoadTimeWeaver setup: ignoring JPA class transformer
2024-12-12T14:36:50.605+01:00  INFO 40671 --- [ClinicaVeterinaria] [           main] org.hibernate.orm.connections.pooling    : HHH10001005: Database info:
	Database JDBC URL [Connecting through datasource 'HikariDataSource (HikariPool-9)']
	Database driver: undefined/unknown
	Database version: 2.3.232
	Autocommit mode: undefined/unknown
	Isolation level: undefined/unknown
	Minimum pool size: undefined/unknown
	Maximum pool size: undefined/unknown
2024-12-12T14:36:50.724+01:00  INFO 40671 --- [ClinicaVeterinaria] [           main] o.h.e.t.j.p.i.JtaPlatformInitiator       : HHH000489: No JTA platform available (set 'hibernate.transaction.jta.platform' to enable JTA platform integration)
Hibernate: 
    drop table if exists appointment cascade 
Hibernate: 
    drop table if exists guardian cascade 
Hibernate: 
    drop table if exists pet cascade 
Hibernate: 
    create table appointment (
        pet_id integer,
        id_appointment bigint generated by default as identity,
        date varchar(255),
        reason varchar(255),
        time varchar(255),
        primary key (id_appointment)
    )
Hibernate: 
    create table guardian (
        id_guardian integer generated by default as identity,
        address varchar(255),
        email varchar(255),
        name varchar(255),
        phone varchar(255),
        primary key (id_guardian)
    )
Hibernate: 
    create table pet (
        age integer,
        guardian_id integer,
        id_pet integer generated by default as identity,
        breed varchar(255),
        name varchar(255),
        specie varchar(255),
        primary key (id_pet)
    )
Hibernate: 
    alter table if exists appointment 
       add constraint FK8y0it8yrd322ps2jklm5f8e07 
       foreign key (pet_id) 
       references pet
Hibernate: 
    alter table if exists pet 
       add constraint FKa8815najxp50op149j4yg6hhd 
       foreign key (guardian_id) 
       references guardian
2024-12-12T14:36:50.734+01:00  INFO 40671 --- [ClinicaVeterinaria] [           main] j.LocalContainerEntityManagerFactoryBean : Initialized JPA EntityManagerFactory for persistence unit 'default'
2024-12-12T14:36:50.858+01:00  WARN 40671 --- [ClinicaVeterinaria] [           main] JpaBaseConfiguration$JpaWebConfiguration : spring.jpa.open-in-view is enabled by default. Therefore, database queries may be performed during view rendering. Explicitly configure spring.jpa.open-in-view to disable this warning
2024-12-12T14:36:51.000+01:00  INFO 40671 --- [ClinicaVeterinaria] [           main] o.s.b.a.h2.H2ConsoleAutoConfiguration    : H2 console available at '/h2-console'. Database available at 'jdbc:h2:mem:list'
2024-12-12T14:36:51.031+01:00  INFO 40671 --- [ClinicaVeterinaria] [           main] o.s.b.t.m.w.SpringBootMockServletContext : Initializing Spring TestDispatcherServlet ''
2024-12-12T14:36:51.031+01:00  INFO 40671 --- [ClinicaVeterinaria] [           main] o.s.t.web.servlet.TestDispatcherServlet  : Initializing Servlet ''
2024-12-12T14:36:51.032+01:00  INFO 40671 --- [ClinicaVeterinaria] [           main] o.s.t.web.servlet.TestDispatcherServlet  : Completed initialization in 1 ms
2024-12-12T14:36:51.043+01:00  INFO 40671 --- [ClinicaVeterinaria] [           main] o.e.c.AppointmentControllerTest          : Started AppointmentControllerTest in 0.82 seconds (process running for 19.825)
Hibernate: 
    insert 
    into
        guardian
        (address, email, name, phone, id_guardian) 
    values
        (?, ?, ?, ?, default)
Hibernate: 
    insert 
    into
        pet
        (age, breed, guardian_id, name, specie, id_pet) 
    values
        (?, ?, ?, ?, ?, default)
Hibernate: 
    insert 
    into
        appointment
        (date, pet_id, reason, time, id_appointment) 
    values
        (?, ?, ?, ?, default)
Hibernate: 
    select
        a1_0.id_appointment,
        a1_0.date,
        p1_0.id_pet,
        p1_0.age,
        p1_0.breed,
        g1_0.id_guardian,
        g1_0.address,
        g1_0.email,
        g1_0.name,
        g1_0.phone,
        p1_0.name,
        p1_0.specie,
        a1_0.reason,
        a1_0.time 
    from
        appointment a1_0 
    left join
        pet p1_0 
            on p1_0.id_pet=a1_0.pet_id 
    left join
        guardian g1_0 
            on g1_0.id_guardian=p1_0.guardian_id 
    where
        a1_0.id_appointment=?
Hibernate: 
    update
        appointment 
    set
        date=?,
        pet_id=?,
        reason=?,
        time=? 
    where
        id_appointment=?
2024-12-12T14:36:51.088+01:00  INFO 40671 --- [ClinicaVeterinaria] [           main] j.LocalContainerEntityManagerFactoryBean : Closing JPA EntityManagerFactory for persistence unit 'default'
Hibernate: 
    drop table if exists appointment cascade 
Hibernate: 
    drop table if exists guardian cascade 
Hibernate: 
    drop table if exists pet cascade 
2024-12-12T14:36:51.090+01:00  INFO 40671 --- [ClinicaVeterinaria] [           main] com.zaxxer.hikari.HikariDataSource       : HikariPool-9 - Shutdown initiated...
2024-12-12T14:36:51.090+01:00  INFO 40671 --- [ClinicaVeterinaria] [           main] com.zaxxer.hikari.HikariDataSource       : HikariPool-9 - Shutdown completed.
]]></system-out>
  </testcase>
  <testcase name="whenGetRequestIsMade_thenReturnSuccess" classname="org.example.controllers.AppointmentControllerTest" time="0.072">
    <system-out><![CDATA[2024-12-12T14:36:51.094+01:00  INFO 40671 --- [ClinicaVeterinaria] [           main] o.s.b.d.r.RestartApplicationListener     : Restart disabled due to context in which it is running

  .   ____          _            __ _ _
 /\\ / ___'_ __ _ _(_)_ __  __ _ \ \ \ \
( ( )\___ | '_ | '_| | '_ \/ _` | \ \ \ \
 \\/  ___)| |_)| | | | | || (_| |  ) ) ) )
  '  |____| .__|_| |_|_| |_\__, | / / / /
 =========|_|==============|___/=/_/_/_/

 :: Spring Boot ::                (v3.4.0)

2024-12-12T14:36:51.126+01:00  INFO 40671 --- [ClinicaVeterinaria] [           main] o.e.c.AppointmentControllerTest          : Starting AppointmentControllerTest using Java 21.0.5 with PID 40671 (started by lay in /home/lay/Documentos/DesarrolloWeb/bootcamp/springboot/ClinicaVeterinaria)
2024-12-12T14:36:51.127+01:00  INFO 40671 --- [ClinicaVeterinaria] [           main] o.e.c.AppointmentControllerTest          : The following 1 profile is active: "test"
2024-12-12T14:36:51.322+01:00  INFO 40671 --- [ClinicaVeterinaria] [           main] .s.d.r.c.RepositoryConfigurationDelegate : Bootstrapping Spring Data JPA repositories in DEFAULT mode.
2024-12-12T14:36:51.333+01:00  INFO 40671 --- [ClinicaVeterinaria] [           main] .s.d.r.c.RepositoryConfigurationDelegate : Finished Spring Data repository scanning in 8 ms. Found 3 JPA repository interfaces.
2024-12-12T14:36:51.438+01:00  INFO 40671 --- [ClinicaVeterinaria] [           main] com.zaxxer.hikari.HikariDataSource       : HikariPool-10 - Starting...
2024-12-12T14:36:51.442+01:00  INFO 40671 --- [ClinicaVeterinaria] [           main] com.zaxxer.hikari.pool.HikariPool        : HikariPool-10 - Added connection conn90: url=jdbc:h2:mem:list user=SA
2024-12-12T14:36:51.443+01:00  INFO 40671 --- [ClinicaVeterinaria] [           main] com.zaxxer.hikari.HikariDataSource       : HikariPool-10 - Start completed.
2024-12-12T14:36:51.448+01:00  INFO 40671 --- [ClinicaVeterinaria] [           main] o.hibernate.jpa.internal.util.LogHelper  : HHH000204: Processing PersistenceUnitInfo [name: default]
2024-12-12T14:36:51.450+01:00  INFO 40671 --- [ClinicaVeterinaria] [           main] o.h.c.internal.RegionFactoryInitiator    : HHH000026: Second-level cache disabled
2024-12-12T14:36:51.459+01:00  INFO 40671 --- [ClinicaVeterinaria] [           main] o.s.o.j.p.SpringPersistenceUnitInfo      : No LoadTimeWeaver setup: ignoring JPA class transformer
2024-12-12T14:36:51.462+01:00  INFO 40671 --- [ClinicaVeterinaria] [           main] org.hibernate.orm.connections.pooling    : HHH10001005: Database info:
	Database JDBC URL [Connecting through datasource 'HikariDataSource (HikariPool-10)']
	Database driver: undefined/unknown
	Database version: 2.3.232
	Autocommit mode: undefined/unknown
	Isolation level: undefined/unknown
	Minimum pool size: undefined/unknown
	Maximum pool size: undefined/unknown
2024-12-12T14:36:51.564+01:00  INFO 40671 --- [ClinicaVeterinaria] [           main] o.h.e.t.j.p.i.JtaPlatformInitiator       : HHH000489: No JTA platform available (set 'hibernate.transaction.jta.platform' to enable JTA platform integration)
Hibernate: 
    drop table if exists appointment cascade 
Hibernate: 
    drop table if exists guardian cascade 
Hibernate: 
    drop table if exists pet cascade 
Hibernate: 
    create table appointment (
        pet_id integer,
        id_appointment bigint generated by default as identity,
        date varchar(255),
        reason varchar(255),
        time varchar(255),
        primary key (id_appointment)
    )
Hibernate: 
    create table guardian (
        id_guardian integer generated by default as identity,
        address varchar(255),
        email varchar(255),
        name varchar(255),
        phone varchar(255),
        primary key (id_guardian)
    )
Hibernate: 
    create table pet (
        age integer,
        guardian_id integer,
        id_pet integer generated by default as identity,
        breed varchar(255),
        name varchar(255),
        specie varchar(255),
        primary key (id_pet)
    )
Hibernate: 
    alter table if exists appointment 
       add constraint FK8y0it8yrd322ps2jklm5f8e07 
       foreign key (pet_id) 
       references pet
Hibernate: 
    alter table if exists pet 
       add constraint FKa8815najxp50op149j4yg6hhd 
       foreign key (guardian_id) 
       references guardian
2024-12-12T14:36:51.578+01:00  INFO 40671 --- [ClinicaVeterinaria] [           main] j.LocalContainerEntityManagerFactoryBean : Initialized JPA EntityManagerFactory for persistence unit 'default'
2024-12-12T14:36:51.676+01:00  WARN 40671 --- [ClinicaVeterinaria] [           main] JpaBaseConfiguration$JpaWebConfiguration : spring.jpa.open-in-view is enabled by default. Therefore, database queries may be performed during view rendering. Explicitly configure spring.jpa.open-in-view to disable this warning
2024-12-12T14:36:51.783+01:00  INFO 40671 --- [ClinicaVeterinaria] [           main] o.s.b.a.h2.H2ConsoleAutoConfiguration    : H2 console available at '/h2-console'. Database available at 'jdbc:h2:mem:list'
2024-12-12T14:36:51.808+01:00  INFO 40671 --- [ClinicaVeterinaria] [           main] o.s.b.t.m.w.SpringBootMockServletContext : Initializing Spring TestDispatcherServlet ''
2024-12-12T14:36:51.809+01:00  INFO 40671 --- [ClinicaVeterinaria] [           main] o.s.t.web.servlet.TestDispatcherServlet  : Initializing Servlet ''
2024-12-12T14:36:51.810+01:00  INFO 40671 --- [ClinicaVeterinaria] [           main] o.s.t.web.servlet.TestDispatcherServlet  : Completed initialization in 1 ms
2024-12-12T14:36:51.822+01:00  INFO 40671 --- [ClinicaVeterinaria] [           main] o.e.c.AppointmentControllerTest          : Started AppointmentControllerTest in 0.728 seconds (process running for 20.604)
Hibernate: 
    insert 
    into
        guardian
        (address, email, name, phone, id_guardian) 
    values
        (?, ?, ?, ?, default)
Hibernate: 
    insert 
    into
        guardian
        (address, email, name, phone, id_guardian) 
    values
        (?, ?, ?, ?, default)
Hibernate: 
    insert 
    into
        pet
        (age, breed, guardian_id, name, specie, id_pet) 
    values
        (?, ?, ?, ?, ?, default)
Hibernate: 
    insert 
    into
        pet
        (age, breed, guardian_id, name, specie, id_pet) 
    values
        (?, ?, ?, ?, ?, default)
Hibernate: 
    insert 
    into
        appointment
        (date, pet_id, reason, time, id_appointment) 
    values
        (?, ?, ?, ?, default)
Hibernate: 
    insert 
    into
        appointment
        (date, pet_id, reason, time, id_appointment) 
    values
        (?, ?, ?, ?, default)
Hibernate: 
    select
        a1_0.id_appointment,
        a1_0.date,
        a1_0.pet_id,
        a1_0.reason,
        a1_0.time 
    from
        appointment a1_0
Hibernate: 
    select
        p1_0.id_pet,
        p1_0.age,
        p1_0.breed,
        g1_0.id_guardian,
        g1_0.address,
        g1_0.email,
        g1_0.name,
        g1_0.phone,
        p1_0.name,
        p1_0.specie 
    from
        pet p1_0 
    left join
        guardian g1_0 
            on g1_0.id_guardian=p1_0.guardian_id 
    where
        p1_0.id_pet=?
Hibernate: 
    select
        p1_0.id_pet,
        p1_0.age,
        p1_0.breed,
        g1_0.id_guardian,
        g1_0.address,
        g1_0.email,
        g1_0.name,
        g1_0.phone,
        p1_0.name,
        p1_0.specie 
    from
        pet p1_0 
    left join
        guardian g1_0 
            on g1_0.id_guardian=p1_0.guardian_id 
    where
        p1_0.id_pet=?
2024-12-12T14:36:51.891+01:00  INFO 40671 --- [ClinicaVeterinaria] [           main] j.LocalContainerEntityManagerFactoryBean : Closing JPA EntityManagerFactory for persistence unit 'default'
Hibernate: 
    drop table if exists appointment cascade 
Hibernate: 
    drop table if exists guardian cascade 
Hibernate: 
    drop table if exists pet cascade 
2024-12-12T14:36:51.894+01:00  INFO 40671 --- [ClinicaVeterinaria] [           main] com.zaxxer.hikari.HikariDataSource       : HikariPool-10 - Shutdown initiated...
2024-12-12T14:36:51.896+01:00  INFO 40671 --- [ClinicaVeterinaria] [           main] com.zaxxer.hikari.HikariDataSource       : HikariPool-10 - Shutdown completed.
]]></system-out>
  </testcase>
  <testcase name="givenValidIdAppointment_whenGetRequestIsMade_thenReturnSuccess" classname="org.example.controllers.AppointmentControllerTest" time="0.053">
    <system-out><![CDATA[2024-12-12T14:36:51.901+01:00  INFO 40671 --- [ClinicaVeterinaria] [           main] o.s.b.d.r.RestartApplicationListener     : Restart disabled due to context in which it is running

  .   ____          _            __ _ _
 /\\ / ___'_ __ _ _(_)_ __  __ _ \ \ \ \
( ( )\___ | '_ | '_| | '_ \/ _` | \ \ \ \
 \\/  ___)| |_)| | | | | || (_| |  ) ) ) )
  '  |____| .__|_| |_|_| |_\__, | / / / /
 =========|_|==============|___/=/_/_/_/

 :: Spring Boot ::                (v3.4.0)

2024-12-12T14:36:51.927+01:00  INFO 40671 --- [ClinicaVeterinaria] [           main] o.e.c.AppointmentControllerTest          : Starting AppointmentControllerTest using Java 21.0.5 with PID 40671 (started by lay in /home/lay/Documentos/DesarrolloWeb/bootcamp/springboot/ClinicaVeterinaria)
2024-12-12T14:36:51.928+01:00  INFO 40671 --- [ClinicaVeterinaria] [           main] o.e.c.AppointmentControllerTest          : The following 1 profile is active: "test"
2024-12-12T14:36:52.123+01:00  INFO 40671 --- [ClinicaVeterinaria] [           main] .s.d.r.c.RepositoryConfigurationDelegate : Bootstrapping Spring Data JPA repositories in DEFAULT mode.
2024-12-12T14:36:52.154+01:00  INFO 40671 --- [ClinicaVeterinaria] [           main] .s.d.r.c.RepositoryConfigurationDelegate : Finished Spring Data repository scanning in 10 ms. Found 3 JPA repository interfaces.
2024-12-12T14:36:52.262+01:00  INFO 40671 --- [ClinicaVeterinaria] [           main] com.zaxxer.hikari.HikariDataSource       : HikariPool-11 - Starting...
2024-12-12T14:36:52.267+01:00  INFO 40671 --- [ClinicaVeterinaria] [           main] com.zaxxer.hikari.pool.HikariPool        : HikariPool-11 - Added connection conn100: url=jdbc:h2:mem:list user=SA
2024-12-12T14:36:52.268+01:00  INFO 40671 --- [ClinicaVeterinaria] [           main] com.zaxxer.hikari.HikariDataSource       : HikariPool-11 - Start completed.
2024-12-12T14:36:52.276+01:00  INFO 40671 --- [ClinicaVeterinaria] [           main] o.hibernate.jpa.internal.util.LogHelper  : HHH000204: Processing PersistenceUnitInfo [name: default]
2024-12-12T14:36:52.278+01:00  INFO 40671 --- [ClinicaVeterinaria] [           main] o.h.c.internal.RegionFactoryInitiator    : HHH000026: Second-level cache disabled
2024-12-12T14:36:52.293+01:00  INFO 40671 --- [ClinicaVeterinaria] [           main] o.s.o.j.p.SpringPersistenceUnitInfo      : No LoadTimeWeaver setup: ignoring JPA class transformer
2024-12-12T14:36:52.296+01:00  INFO 40671 --- [ClinicaVeterinaria] [           main] org.hibernate.orm.connections.pooling    : HHH10001005: Database info:
	Database JDBC URL [Connecting through datasource 'HikariDataSource (HikariPool-11)']
	Database driver: undefined/unknown
	Database version: 2.3.232
	Autocommit mode: undefined/unknown
	Isolation level: undefined/unknown
	Minimum pool size: undefined/unknown
	Maximum pool size: undefined/unknown
2024-12-12T14:36:52.413+01:00  INFO 40671 --- [ClinicaVeterinaria] [           main] o.h.e.t.j.p.i.JtaPlatformInitiator       : HHH000489: No JTA platform available (set 'hibernate.transaction.jta.platform' to enable JTA platform integration)
Hibernate: 
    drop table if exists appointment cascade 
Hibernate: 
    drop table if exists guardian cascade 
Hibernate: 
    drop table if exists pet cascade 
Hibernate: 
    create table appointment (
        pet_id integer,
        id_appointment bigint generated by default as identity,
        date varchar(255),
        reason varchar(255),
        time varchar(255),
        primary key (id_appointment)
    )
Hibernate: 
    create table guardian (
        id_guardian integer generated by default as identity,
        address varchar(255),
        email varchar(255),
        name varchar(255),
        phone varchar(255),
        primary key (id_guardian)
    )
Hibernate: 
    create table pet (
        age integer,
        guardian_id integer,
        id_pet integer generated by default as identity,
        breed varchar(255),
        name varchar(255),
        specie varchar(255),
        primary key (id_pet)
    )
Hibernate: 
    alter table if exists appointment 
       add constraint FK8y0it8yrd322ps2jklm5f8e07 
       foreign key (pet_id) 
       references pet
Hibernate: 
    alter table if exists pet 
       add constraint FKa8815najxp50op149j4yg6hhd 
       foreign key (guardian_id) 
       references guardian
2024-12-12T14:36:52.429+01:00  INFO 40671 --- [ClinicaVeterinaria] [           main] j.LocalContainerEntityManagerFactoryBean : Initialized JPA EntityManagerFactory for persistence unit 'default'
2024-12-12T14:36:52.535+01:00  WARN 40671 --- [ClinicaVeterinaria] [           main] JpaBaseConfiguration$JpaWebConfiguration : spring.jpa.open-in-view is enabled by default. Therefore, database queries may be performed during view rendering. Explicitly configure spring.jpa.open-in-view to disable this warning
2024-12-12T14:36:52.637+01:00  INFO 40671 --- [ClinicaVeterinaria] [           main] o.s.b.a.h2.H2ConsoleAutoConfiguration    : H2 console available at '/h2-console'. Database available at 'jdbc:h2:mem:list'
2024-12-12T14:36:52.651+01:00  INFO 40671 --- [ClinicaVeterinaria] [           main] o.s.b.t.m.w.SpringBootMockServletContext : Initializing Spring TestDispatcherServlet ''
2024-12-12T14:36:52.651+01:00  INFO 40671 --- [ClinicaVeterinaria] [           main] o.s.t.web.servlet.TestDispatcherServlet  : Initializing Servlet ''
2024-12-12T14:36:52.652+01:00  INFO 40671 --- [ClinicaVeterinaria] [           main] o.s.t.web.servlet.TestDispatcherServlet  : Completed initialization in 0 ms
2024-12-12T14:36:52.665+01:00  INFO 40671 --- [ClinicaVeterinaria] [           main] o.e.c.AppointmentControllerTest          : Started AppointmentControllerTest in 0.764 seconds (process running for 21.447)
Hibernate: 
    insert 
    into
        guardian
        (address, email, name, phone, id_guardian) 
    values
        (?, ?, ?, ?, default)
Hibernate: 
    insert 
    into
        pet
        (age, breed, guardian_id, name, specie, id_pet) 
    values
        (?, ?, ?, ?, ?, default)
Hibernate: 
    insert 
    into
        appointment
        (date, pet_id, reason, time, id_appointment) 
    values
        (?, ?, ?, ?, default)
Hibernate: 
    select
        a1_0.id_appointment,
        a1_0.date,
        p1_0.id_pet,
        p1_0.age,
        p1_0.breed,
        g1_0.id_guardian,
        g1_0.address,
        g1_0.email,
        g1_0.name,
        g1_0.phone,
        p1_0.name,
        p1_0.specie,
        a1_0.reason,
        a1_0.time 
    from
        appointment a1_0 
    left join
        pet p1_0 
            on p1_0.id_pet=a1_0.pet_id 
    left join
        guardian g1_0 
            on g1_0.id_guardian=p1_0.guardian_id 
    where
        a1_0.id_appointment=?
2024-12-12T14:36:52.714+01:00  INFO 40671 --- [ClinicaVeterinaria] [           main] j.LocalContainerEntityManagerFactoryBean : Closing JPA EntityManagerFactory for persistence unit 'default'
Hibernate: 
    drop table if exists appointment cascade 
Hibernate: 
    drop table if exists guardian cascade 
Hibernate: 
    drop table if exists pet cascade 
2024-12-12T14:36:52.717+01:00  INFO 40671 --- [ClinicaVeterinaria] [           main] com.zaxxer.hikari.HikariDataSource       : HikariPool-11 - Shutdown initiated...
2024-12-12T14:36:52.720+01:00  INFO 40671 --- [ClinicaVeterinaria] [           main] com.zaxxer.hikari.HikariDataSource       : HikariPool-11 - Shutdown completed.
]]></system-out>
  </testcase>
</testsuite>